<?xml version="1.0" encoding="UTF-8"?>
<testsuite xmlns:xsi="http://www.w3.org/2001/XMLSchema-instance" xsi:noNamespaceSchemaLocation="https://maven.apache.org/surefire/maven-surefire-plugin/xsd/surefire-test-report-3.0.xsd" version="3.0" name="com.project.bookMembership.BookMembershipApplicationTests" time="6.492" tests="1" errors="0" skipped="0" failures="0">
  <properties>
    <property name="java.specification.version" value="21"/>
    <property name="sun.jnu.encoding" value="UTF-8"/>
    <property name="java.class.path" value="/Users/fozant/All Coding/Skripsi/Repo/MJTrainingCamp/backend/target/test-classes:/Users/fozant/All Coding/Skripsi/Repo/MJTrainingCamp/backend/target/classes:/Users/fozant/.m2/repository/org/springframework/boot/spring-boot-starter-data-jpa/3.2.2/spring-boot-starter-data-jpa-3.2.2.jar:/Users/fozant/.m2/repository/org/springframework/boot/spring-boot-starter-aop/3.2.2/spring-boot-starter-aop-3.2.2.jar:/Users/fozant/.m2/repository/org/aspectj/aspectjweaver/1.9.21/aspectjweaver-1.9.21.jar:/Users/fozant/.m2/repository/org/springframework/boot/spring-boot-starter-jdbc/3.2.2/spring-boot-starter-jdbc-3.2.2.jar:/Users/fozant/.m2/repository/com/zaxxer/HikariCP/5.0.1/HikariCP-5.0.1.jar:/Users/fozant/.m2/repository/org/springframework/spring-jdbc/6.1.3/spring-jdbc-6.1.3.jar:/Users/fozant/.m2/repository/org/hibernate/orm/hibernate-core/6.4.1.Final/hibernate-core-6.4.1.Final.jar:/Users/fozant/.m2/repository/jakarta/persistence/jakarta.persistence-api/3.1.0/jakarta.persistence-api-3.1.0.jar:/Users/fozant/.m2/repository/jakarta/transaction/jakarta.transaction-api/2.0.1/jakarta.transaction-api-2.0.1.jar:/Users/fozant/.m2/repository/org/jboss/logging/jboss-logging/3.5.3.Final/jboss-logging-3.5.3.Final.jar:/Users/fozant/.m2/repository/org/hibernate/common/hibernate-commons-annotations/6.0.6.Final/hibernate-commons-annotations-6.0.6.Final.jar:/Users/fozant/.m2/repository/io/smallrye/jandex/3.1.2/jandex-3.1.2.jar:/Users/fozant/.m2/repository/com/fasterxml/classmate/1.6.0/classmate-1.6.0.jar:/Users/fozant/.m2/repository/net/bytebuddy/byte-buddy/1.14.11/byte-buddy-1.14.11.jar:/Users/fozant/.m2/repository/org/glassfish/jaxb/jaxb-runtime/4.0.4/jaxb-runtime-4.0.4.jar:/Users/fozant/.m2/repository/org/glassfish/jaxb/jaxb-core/4.0.4/jaxb-core-4.0.4.jar:/Users/fozant/.m2/repository/org/eclipse/angus/angus-activation/2.0.1/angus-activation-2.0.1.jar:/Users/fozant/.m2/repository/org/glassfish/jaxb/txw2/4.0.4/txw2-4.0.4.jar:/Users/fozant/.m2/repository/com/sun/istack/istack-commons-runtime/4.1.2/istack-commons-runtime-4.1.2.jar:/Users/fozant/.m2/repository/jakarta/inject/jakarta.inject-api/2.0.1/jakarta.inject-api-2.0.1.jar:/Users/fozant/.m2/repository/org/antlr/antlr4-runtime/4.13.0/antlr4-runtime-4.13.0.jar:/Users/fozant/.m2/repository/org/springframework/data/spring-data-jpa/3.2.2/spring-data-jpa-3.2.2.jar:/Users/fozant/.m2/repository/org/springframework/data/spring-data-commons/3.2.2/spring-data-commons-3.2.2.jar:/Users/fozant/.m2/repository/org/springframework/spring-orm/6.1.3/spring-orm-6.1.3.jar:/Users/fozant/.m2/repository/org/springframework/spring-context/6.1.3/spring-context-6.1.3.jar:/Users/fozant/.m2/repository/org/springframework/spring-tx/6.1.3/spring-tx-6.1.3.jar:/Users/fozant/.m2/repository/org/springframework/spring-beans/6.1.3/spring-beans-6.1.3.jar:/Users/fozant/.m2/repository/jakarta/annotation/jakarta.annotation-api/2.1.1/jakarta.annotation-api-2.1.1.jar:/Users/fozant/.m2/repository/org/slf4j/slf4j-api/2.0.11/slf4j-api-2.0.11.jar:/Users/fozant/.m2/repository/org/springframework/spring-aspects/6.1.3/spring-aspects-6.1.3.jar:/Users/fozant/.m2/repository/org/springframework/boot/spring-boot-starter-security/3.2.2/spring-boot-starter-security-3.2.2.jar:/Users/fozant/.m2/repository/org/springframework/boot/spring-boot-starter/3.2.2/spring-boot-starter-3.2.2.jar:/Users/fozant/.m2/repository/org/springframework/boot/spring-boot-starter-logging/3.2.2/spring-boot-starter-logging-3.2.2.jar:/Users/fozant/.m2/repository/ch/qos/logback/logback-classic/1.4.14/logback-classic-1.4.14.jar:/Users/fozant/.m2/repository/ch/qos/logback/logback-core/1.4.14/logback-core-1.4.14.jar:/Users/fozant/.m2/repository/org/apache/logging/log4j/log4j-to-slf4j/2.21.1/log4j-to-slf4j-2.21.1.jar:/Users/fozant/.m2/repository/org/apache/logging/log4j/log4j-api/2.21.1/log4j-api-2.21.1.jar:/Users/fozant/.m2/repository/org/slf4j/jul-to-slf4j/2.0.11/jul-to-slf4j-2.0.11.jar:/Users/fozant/.m2/repository/org/yaml/snakeyaml/2.2/snakeyaml-2.2.jar:/Users/fozant/.m2/repository/org/springframework/spring-aop/6.1.3/spring-aop-6.1.3.jar:/Users/fozant/.m2/repository/org/springframework/security/spring-security-config/6.2.1/spring-security-config-6.2.1.jar:/Users/fozant/.m2/repository/org/springframework/security/spring-security-web/6.2.1/spring-security-web-6.2.1.jar:/Users/fozant/.m2/repository/org/springframework/spring-expression/6.1.3/spring-expression-6.1.3.jar:/Users/fozant/.m2/repository/org/springframework/boot/spring-boot-starter-web/3.2.2/spring-boot-starter-web-3.2.2.jar:/Users/fozant/.m2/repository/org/springframework/boot/spring-boot-starter-json/3.2.2/spring-boot-starter-json-3.2.2.jar:/Users/fozant/.m2/repository/com/fasterxml/jackson/datatype/jackson-datatype-jdk8/2.15.3/jackson-datatype-jdk8-2.15.3.jar:/Users/fozant/.m2/repository/com/fasterxml/jackson/datatype/jackson-datatype-jsr310/2.15.3/jackson-datatype-jsr310-2.15.3.jar:/Users/fozant/.m2/repository/com/fasterxml/jackson/module/jackson-module-parameter-names/2.15.3/jackson-module-parameter-names-2.15.3.jar:/Users/fozant/.m2/repository/org/springframework/boot/spring-boot-starter-tomcat/3.2.2/spring-boot-starter-tomcat-3.2.2.jar:/Users/fozant/.m2/repository/org/apache/tomcat/embed/tomcat-embed-core/10.1.18/tomcat-embed-core-10.1.18.jar:/Users/fozant/.m2/repository/org/apache/tomcat/embed/tomcat-embed-el/10.1.18/tomcat-embed-el-10.1.18.jar:/Users/fozant/.m2/repository/org/apache/tomcat/embed/tomcat-embed-websocket/10.1.18/tomcat-embed-websocket-10.1.18.jar:/Users/fozant/.m2/repository/org/springframework/spring-web/6.1.3/spring-web-6.1.3.jar:/Users/fozant/.m2/repository/io/micrometer/micrometer-observation/1.12.2/micrometer-observation-1.12.2.jar:/Users/fozant/.m2/repository/io/micrometer/micrometer-commons/1.12.2/micrometer-commons-1.12.2.jar:/Users/fozant/.m2/repository/org/springframework/spring-webmvc/6.1.3/spring-webmvc-6.1.3.jar:/Users/fozant/.m2/repository/io/github/cdimascio/java-dotenv/5.2.2/java-dotenv-5.2.2.jar:/Users/fozant/.m2/repository/org/jetbrains/kotlin/kotlin-stdlib/1.9.22/kotlin-stdlib-1.9.22.jar:/Users/fozant/.m2/repository/org/jetbrains/annotations/13.0/annotations-13.0.jar:/Users/fozant/.m2/repository/org/springframework/boot/spring-boot-devtools/3.2.2/spring-boot-devtools-3.2.2.jar:/Users/fozant/.m2/repository/org/springframework/boot/spring-boot/3.2.2/spring-boot-3.2.2.jar:/Users/fozant/.m2/repository/org/springframework/boot/spring-boot-autoconfigure/3.2.2/spring-boot-autoconfigure-3.2.2.jar:/Users/fozant/.m2/repository/com/mysql/mysql-connector-j/8.3.0/mysql-connector-j-8.3.0.jar:/Users/fozant/.m2/repository/org/projectlombok/lombok/1.18.30/lombok-1.18.30.jar:/Users/fozant/.m2/repository/org/postgresql/postgresql/42.6.0/postgresql-42.6.0.jar:/Users/fozant/.m2/repository/org/checkerframework/checker-qual/3.31.0/checker-qual-3.31.0.jar:/Users/fozant/.m2/repository/io/jsonwebtoken/jjwt-api/0.11.5/jjwt-api-0.11.5.jar:/Users/fozant/.m2/repository/io/jsonwebtoken/jjwt-impl/0.11.5/jjwt-impl-0.11.5.jar:/Users/fozant/.m2/repository/io/jsonwebtoken/jjwt-jackson/0.11.5/jjwt-jackson-0.11.5.jar:/Users/fozant/.m2/repository/com/fasterxml/jackson/core/jackson-databind/2.15.3/jackson-databind-2.15.3.jar:/Users/fozant/.m2/repository/com/fasterxml/jackson/core/jackson-annotations/2.15.3/jackson-annotations-2.15.3.jar:/Users/fozant/.m2/repository/com/fasterxml/jackson/core/jackson-core/2.15.3/jackson-core-2.15.3.jar:/Users/fozant/.m2/repository/javax/activation/javax.activation-api/1.2.0/javax.activation-api-1.2.0.jar:/Users/fozant/.m2/repository/org/springframework/boot/spring-boot-starter-test/3.2.2/spring-boot-starter-test-3.2.2.jar:/Users/fozant/.m2/repository/org/springframework/boot/spring-boot-test/3.2.2/spring-boot-test-3.2.2.jar:/Users/fozant/.m2/repository/org/springframework/boot/spring-boot-test-autoconfigure/3.2.2/spring-boot-test-autoconfigure-3.2.2.jar:/Users/fozant/.m2/repository/com/jayway/jsonpath/json-path/2.8.0/json-path-2.8.0.jar:/Users/fozant/.m2/repository/jakarta/xml/bind/jakarta.xml.bind-api/4.0.1/jakarta.xml.bind-api-4.0.1.jar:/Users/fozant/.m2/repository/jakarta/activation/jakarta.activation-api/2.1.2/jakarta.activation-api-2.1.2.jar:/Users/fozant/.m2/repository/net/minidev/json-smart/2.5.0/json-smart-2.5.0.jar:/Users/fozant/.m2/repository/net/minidev/accessors-smart/2.5.0/accessors-smart-2.5.0.jar:/Users/fozant/.m2/repository/org/ow2/asm/asm/9.3/asm-9.3.jar:/Users/fozant/.m2/repository/org/assertj/assertj-core/3.24.2/assertj-core-3.24.2.jar:/Users/fozant/.m2/repository/org/awaitility/awaitility/4.2.0/awaitility-4.2.0.jar:/Users/fozant/.m2/repository/org/hamcrest/hamcrest/2.2/hamcrest-2.2.jar:/Users/fozant/.m2/repository/org/junit/jupiter/junit-jupiter/5.10.1/junit-jupiter-5.10.1.jar:/Users/fozant/.m2/repository/org/junit/jupiter/junit-jupiter-api/5.10.1/junit-jupiter-api-5.10.1.jar:/Users/fozant/.m2/repository/org/opentest4j/opentest4j/1.3.0/opentest4j-1.3.0.jar:/Users/fozant/.m2/repository/org/junit/platform/junit-platform-commons/1.10.1/junit-platform-commons-1.10.1.jar:/Users/fozant/.m2/repository/org/apiguardian/apiguardian-api/1.1.2/apiguardian-api-1.1.2.jar:/Users/fozant/.m2/repository/org/junit/jupiter/junit-jupiter-params/5.10.1/junit-jupiter-params-5.10.1.jar:/Users/fozant/.m2/repository/org/junit/jupiter/junit-jupiter-engine/5.10.1/junit-jupiter-engine-5.10.1.jar:/Users/fozant/.m2/repository/org/junit/platform/junit-platform-engine/1.10.1/junit-platform-engine-1.10.1.jar:/Users/fozant/.m2/repository/org/mockito/mockito-core/5.7.0/mockito-core-5.7.0.jar:/Users/fozant/.m2/repository/net/bytebuddy/byte-buddy-agent/1.14.11/byte-buddy-agent-1.14.11.jar:/Users/fozant/.m2/repository/org/objenesis/objenesis/3.3/objenesis-3.3.jar:/Users/fozant/.m2/repository/org/mockito/mockito-junit-jupiter/5.7.0/mockito-junit-jupiter-5.7.0.jar:/Users/fozant/.m2/repository/org/skyscreamer/jsonassert/1.5.1/jsonassert-1.5.1.jar:/Users/fozant/.m2/repository/com/vaadin/external/google/android-json/0.0.20131108.vaadin1/android-json-0.0.20131108.vaadin1.jar:/Users/fozant/.m2/repository/org/springframework/spring-core/6.1.3/spring-core-6.1.3.jar:/Users/fozant/.m2/repository/org/springframework/spring-jcl/6.1.3/spring-jcl-6.1.3.jar:/Users/fozant/.m2/repository/org/springframework/spring-test/6.1.3/spring-test-6.1.3.jar:/Users/fozant/.m2/repository/org/xmlunit/xmlunit-core/2.9.1/xmlunit-core-2.9.1.jar:/Users/fozant/.m2/repository/org/springframework/security/spring-security-test/6.2.1/spring-security-test-6.2.1.jar:/Users/fozant/.m2/repository/org/springframework/security/spring-security-core/6.2.1/spring-security-core-6.2.1.jar:/Users/fozant/.m2/repository/org/springframework/security/spring-security-crypto/6.2.1/spring-security-crypto-6.2.1.jar:"/>
    <property name="java.vm.vendor" value="Oracle Corporation"/>
    <property name="sun.arch.data.model" value="64"/>
    <property name="java.vendor.url" value="https://java.oracle.com/"/>
    <property name="user.timezone" value="Asia/Jakarta"/>
    <property name="org.jboss.logging.provider" value="slf4j"/>
    <property name="os.name" value="Mac OS X"/>
    <property name="java.vm.specification.version" value="21"/>
    <property name="sun.java.launcher" value="SUN_STANDARD"/>
    <property name="user.country" value="ID"/>
    <property name="sun.boot.library.path" value="/Library/Java/JavaVirtualMachines/jdk-21.jdk/Contents/Home/lib"/>
    <property name="sun.java.command" value="/Users/fozant/All Coding/Skripsi/Repo/MJTrainingCamp/backend/target/surefire/surefirebooter-20241206143243625_3.jar /Users/fozant/All Coding/Skripsi/Repo/MJTrainingCamp/backend/target/surefire 2024-12-06T14-32-43_573-jvmRun1 surefire-20241206143243625_1tmp surefire_0-20241206143243625_2tmp"/>
    <property name="http.nonProxyHosts" value="local|*.local|169.254/16|*.169.254/16"/>
    <property name="jdk.debug" value="release"/>
    <property name="surefire.test.class.path" value="/Users/fozant/All Coding/Skripsi/Repo/MJTrainingCamp/backend/target/test-classes:/Users/fozant/All Coding/Skripsi/Repo/MJTrainingCamp/backend/target/classes:/Users/fozant/.m2/repository/org/springframework/boot/spring-boot-starter-data-jpa/3.2.2/spring-boot-starter-data-jpa-3.2.2.jar:/Users/fozant/.m2/repository/org/springframework/boot/spring-boot-starter-aop/3.2.2/spring-boot-starter-aop-3.2.2.jar:/Users/fozant/.m2/repository/org/aspectj/aspectjweaver/1.9.21/aspectjweaver-1.9.21.jar:/Users/fozant/.m2/repository/org/springframework/boot/spring-boot-starter-jdbc/3.2.2/spring-boot-starter-jdbc-3.2.2.jar:/Users/fozant/.m2/repository/com/zaxxer/HikariCP/5.0.1/HikariCP-5.0.1.jar:/Users/fozant/.m2/repository/org/springframework/spring-jdbc/6.1.3/spring-jdbc-6.1.3.jar:/Users/fozant/.m2/repository/org/hibernate/orm/hibernate-core/6.4.1.Final/hibernate-core-6.4.1.Final.jar:/Users/fozant/.m2/repository/jakarta/persistence/jakarta.persistence-api/3.1.0/jakarta.persistence-api-3.1.0.jar:/Users/fozant/.m2/repository/jakarta/transaction/jakarta.transaction-api/2.0.1/jakarta.transaction-api-2.0.1.jar:/Users/fozant/.m2/repository/org/jboss/logging/jboss-logging/3.5.3.Final/jboss-logging-3.5.3.Final.jar:/Users/fozant/.m2/repository/org/hibernate/common/hibernate-commons-annotations/6.0.6.Final/hibernate-commons-annotations-6.0.6.Final.jar:/Users/fozant/.m2/repository/io/smallrye/jandex/3.1.2/jandex-3.1.2.jar:/Users/fozant/.m2/repository/com/fasterxml/classmate/1.6.0/classmate-1.6.0.jar:/Users/fozant/.m2/repository/net/bytebuddy/byte-buddy/1.14.11/byte-buddy-1.14.11.jar:/Users/fozant/.m2/repository/org/glassfish/jaxb/jaxb-runtime/4.0.4/jaxb-runtime-4.0.4.jar:/Users/fozant/.m2/repository/org/glassfish/jaxb/jaxb-core/4.0.4/jaxb-core-4.0.4.jar:/Users/fozant/.m2/repository/org/eclipse/angus/angus-activation/2.0.1/angus-activation-2.0.1.jar:/Users/fozant/.m2/repository/org/glassfish/jaxb/txw2/4.0.4/txw2-4.0.4.jar:/Users/fozant/.m2/repository/com/sun/istack/istack-commons-runtime/4.1.2/istack-commons-runtime-4.1.2.jar:/Users/fozant/.m2/repository/jakarta/inject/jakarta.inject-api/2.0.1/jakarta.inject-api-2.0.1.jar:/Users/fozant/.m2/repository/org/antlr/antlr4-runtime/4.13.0/antlr4-runtime-4.13.0.jar:/Users/fozant/.m2/repository/org/springframework/data/spring-data-jpa/3.2.2/spring-data-jpa-3.2.2.jar:/Users/fozant/.m2/repository/org/springframework/data/spring-data-commons/3.2.2/spring-data-commons-3.2.2.jar:/Users/fozant/.m2/repository/org/springframework/spring-orm/6.1.3/spring-orm-6.1.3.jar:/Users/fozant/.m2/repository/org/springframework/spring-context/6.1.3/spring-context-6.1.3.jar:/Users/fozant/.m2/repository/org/springframework/spring-tx/6.1.3/spring-tx-6.1.3.jar:/Users/fozant/.m2/repository/org/springframework/spring-beans/6.1.3/spring-beans-6.1.3.jar:/Users/fozant/.m2/repository/jakarta/annotation/jakarta.annotation-api/2.1.1/jakarta.annotation-api-2.1.1.jar:/Users/fozant/.m2/repository/org/slf4j/slf4j-api/2.0.11/slf4j-api-2.0.11.jar:/Users/fozant/.m2/repository/org/springframework/spring-aspects/6.1.3/spring-aspects-6.1.3.jar:/Users/fozant/.m2/repository/org/springframework/boot/spring-boot-starter-security/3.2.2/spring-boot-starter-security-3.2.2.jar:/Users/fozant/.m2/repository/org/springframework/boot/spring-boot-starter/3.2.2/spring-boot-starter-3.2.2.jar:/Users/fozant/.m2/repository/org/springframework/boot/spring-boot-starter-logging/3.2.2/spring-boot-starter-logging-3.2.2.jar:/Users/fozant/.m2/repository/ch/qos/logback/logback-classic/1.4.14/logback-classic-1.4.14.jar:/Users/fozant/.m2/repository/ch/qos/logback/logback-core/1.4.14/logback-core-1.4.14.jar:/Users/fozant/.m2/repository/org/apache/logging/log4j/log4j-to-slf4j/2.21.1/log4j-to-slf4j-2.21.1.jar:/Users/fozant/.m2/repository/org/apache/logging/log4j/log4j-api/2.21.1/log4j-api-2.21.1.jar:/Users/fozant/.m2/repository/org/slf4j/jul-to-slf4j/2.0.11/jul-to-slf4j-2.0.11.jar:/Users/fozant/.m2/repository/org/yaml/snakeyaml/2.2/snakeyaml-2.2.jar:/Users/fozant/.m2/repository/org/springframework/spring-aop/6.1.3/spring-aop-6.1.3.jar:/Users/fozant/.m2/repository/org/springframework/security/spring-security-config/6.2.1/spring-security-config-6.2.1.jar:/Users/fozant/.m2/repository/org/springframework/security/spring-security-web/6.2.1/spring-security-web-6.2.1.jar:/Users/fozant/.m2/repository/org/springframework/spring-expression/6.1.3/spring-expression-6.1.3.jar:/Users/fozant/.m2/repository/org/springframework/boot/spring-boot-starter-web/3.2.2/spring-boot-starter-web-3.2.2.jar:/Users/fozant/.m2/repository/org/springframework/boot/spring-boot-starter-json/3.2.2/spring-boot-starter-json-3.2.2.jar:/Users/fozant/.m2/repository/com/fasterxml/jackson/datatype/jackson-datatype-jdk8/2.15.3/jackson-datatype-jdk8-2.15.3.jar:/Users/fozant/.m2/repository/com/fasterxml/jackson/datatype/jackson-datatype-jsr310/2.15.3/jackson-datatype-jsr310-2.15.3.jar:/Users/fozant/.m2/repository/com/fasterxml/jackson/module/jackson-module-parameter-names/2.15.3/jackson-module-parameter-names-2.15.3.jar:/Users/fozant/.m2/repository/org/springframework/boot/spring-boot-starter-tomcat/3.2.2/spring-boot-starter-tomcat-3.2.2.jar:/Users/fozant/.m2/repository/org/apache/tomcat/embed/tomcat-embed-core/10.1.18/tomcat-embed-core-10.1.18.jar:/Users/fozant/.m2/repository/org/apache/tomcat/embed/tomcat-embed-el/10.1.18/tomcat-embed-el-10.1.18.jar:/Users/fozant/.m2/repository/org/apache/tomcat/embed/tomcat-embed-websocket/10.1.18/tomcat-embed-websocket-10.1.18.jar:/Users/fozant/.m2/repository/org/springframework/spring-web/6.1.3/spring-web-6.1.3.jar:/Users/fozant/.m2/repository/io/micrometer/micrometer-observation/1.12.2/micrometer-observation-1.12.2.jar:/Users/fozant/.m2/repository/io/micrometer/micrometer-commons/1.12.2/micrometer-commons-1.12.2.jar:/Users/fozant/.m2/repository/org/springframework/spring-webmvc/6.1.3/spring-webmvc-6.1.3.jar:/Users/fozant/.m2/repository/io/github/cdimascio/java-dotenv/5.2.2/java-dotenv-5.2.2.jar:/Users/fozant/.m2/repository/org/jetbrains/kotlin/kotlin-stdlib/1.9.22/kotlin-stdlib-1.9.22.jar:/Users/fozant/.m2/repository/org/jetbrains/annotations/13.0/annotations-13.0.jar:/Users/fozant/.m2/repository/org/springframework/boot/spring-boot-devtools/3.2.2/spring-boot-devtools-3.2.2.jar:/Users/fozant/.m2/repository/org/springframework/boot/spring-boot/3.2.2/spring-boot-3.2.2.jar:/Users/fozant/.m2/repository/org/springframework/boot/spring-boot-autoconfigure/3.2.2/spring-boot-autoconfigure-3.2.2.jar:/Users/fozant/.m2/repository/com/mysql/mysql-connector-j/8.3.0/mysql-connector-j-8.3.0.jar:/Users/fozant/.m2/repository/org/projectlombok/lombok/1.18.30/lombok-1.18.30.jar:/Users/fozant/.m2/repository/org/postgresql/postgresql/42.6.0/postgresql-42.6.0.jar:/Users/fozant/.m2/repository/org/checkerframework/checker-qual/3.31.0/checker-qual-3.31.0.jar:/Users/fozant/.m2/repository/io/jsonwebtoken/jjwt-api/0.11.5/jjwt-api-0.11.5.jar:/Users/fozant/.m2/repository/io/jsonwebtoken/jjwt-impl/0.11.5/jjwt-impl-0.11.5.jar:/Users/fozant/.m2/repository/io/jsonwebtoken/jjwt-jackson/0.11.5/jjwt-jackson-0.11.5.jar:/Users/fozant/.m2/repository/com/fasterxml/jackson/core/jackson-databind/2.15.3/jackson-databind-2.15.3.jar:/Users/fozant/.m2/repository/com/fasterxml/jackson/core/jackson-annotations/2.15.3/jackson-annotations-2.15.3.jar:/Users/fozant/.m2/repository/com/fasterxml/jackson/core/jackson-core/2.15.3/jackson-core-2.15.3.jar:/Users/fozant/.m2/repository/javax/activation/javax.activation-api/1.2.0/javax.activation-api-1.2.0.jar:/Users/fozant/.m2/repository/org/springframework/boot/spring-boot-starter-test/3.2.2/spring-boot-starter-test-3.2.2.jar:/Users/fozant/.m2/repository/org/springframework/boot/spring-boot-test/3.2.2/spring-boot-test-3.2.2.jar:/Users/fozant/.m2/repository/org/springframework/boot/spring-boot-test-autoconfigure/3.2.2/spring-boot-test-autoconfigure-3.2.2.jar:/Users/fozant/.m2/repository/com/jayway/jsonpath/json-path/2.8.0/json-path-2.8.0.jar:/Users/fozant/.m2/repository/jakarta/xml/bind/jakarta.xml.bind-api/4.0.1/jakarta.xml.bind-api-4.0.1.jar:/Users/fozant/.m2/repository/jakarta/activation/jakarta.activation-api/2.1.2/jakarta.activation-api-2.1.2.jar:/Users/fozant/.m2/repository/net/minidev/json-smart/2.5.0/json-smart-2.5.0.jar:/Users/fozant/.m2/repository/net/minidev/accessors-smart/2.5.0/accessors-smart-2.5.0.jar:/Users/fozant/.m2/repository/org/ow2/asm/asm/9.3/asm-9.3.jar:/Users/fozant/.m2/repository/org/assertj/assertj-core/3.24.2/assertj-core-3.24.2.jar:/Users/fozant/.m2/repository/org/awaitility/awaitility/4.2.0/awaitility-4.2.0.jar:/Users/fozant/.m2/repository/org/hamcrest/hamcrest/2.2/hamcrest-2.2.jar:/Users/fozant/.m2/repository/org/junit/jupiter/junit-jupiter/5.10.1/junit-jupiter-5.10.1.jar:/Users/fozant/.m2/repository/org/junit/jupiter/junit-jupiter-api/5.10.1/junit-jupiter-api-5.10.1.jar:/Users/fozant/.m2/repository/org/opentest4j/opentest4j/1.3.0/opentest4j-1.3.0.jar:/Users/fozant/.m2/repository/org/junit/platform/junit-platform-commons/1.10.1/junit-platform-commons-1.10.1.jar:/Users/fozant/.m2/repository/org/apiguardian/apiguardian-api/1.1.2/apiguardian-api-1.1.2.jar:/Users/fozant/.m2/repository/org/junit/jupiter/junit-jupiter-params/5.10.1/junit-jupiter-params-5.10.1.jar:/Users/fozant/.m2/repository/org/junit/jupiter/junit-jupiter-engine/5.10.1/junit-jupiter-engine-5.10.1.jar:/Users/fozant/.m2/repository/org/junit/platform/junit-platform-engine/1.10.1/junit-platform-engine-1.10.1.jar:/Users/fozant/.m2/repository/org/mockito/mockito-core/5.7.0/mockito-core-5.7.0.jar:/Users/fozant/.m2/repository/net/bytebuddy/byte-buddy-agent/1.14.11/byte-buddy-agent-1.14.11.jar:/Users/fozant/.m2/repository/org/objenesis/objenesis/3.3/objenesis-3.3.jar:/Users/fozant/.m2/repository/org/mockito/mockito-junit-jupiter/5.7.0/mockito-junit-jupiter-5.7.0.jar:/Users/fozant/.m2/repository/org/skyscreamer/jsonassert/1.5.1/jsonassert-1.5.1.jar:/Users/fozant/.m2/repository/com/vaadin/external/google/android-json/0.0.20131108.vaadin1/android-json-0.0.20131108.vaadin1.jar:/Users/fozant/.m2/repository/org/springframework/spring-core/6.1.3/spring-core-6.1.3.jar:/Users/fozant/.m2/repository/org/springframework/spring-jcl/6.1.3/spring-jcl-6.1.3.jar:/Users/fozant/.m2/repository/org/springframework/spring-test/6.1.3/spring-test-6.1.3.jar:/Users/fozant/.m2/repository/org/xmlunit/xmlunit-core/2.9.1/xmlunit-core-2.9.1.jar:/Users/fozant/.m2/repository/org/springframework/security/spring-security-test/6.2.1/spring-security-test-6.2.1.jar:/Users/fozant/.m2/repository/org/springframework/security/spring-security-core/6.2.1/spring-security-core-6.2.1.jar:/Users/fozant/.m2/repository/org/springframework/security/spring-security-crypto/6.2.1/spring-security-crypto-6.2.1.jar:"/>
    <property name="sun.cpu.endian" value="little"/>
    <property name="user.home" value="/Users/fozant"/>
    <property name="user.language" value="en"/>
    <property name="java.specification.vendor" value="Oracle Corporation"/>
    <property name="java.version.date" value="2024-07-16"/>
    <property name="java.home" value="/Library/Java/JavaVirtualMachines/jdk-21.jdk/Contents/Home"/>
    <property name="file.separator" value="/"/>
    <property name="basedir" value="/Users/fozant/All Coding/Skripsi/Repo/MJTrainingCamp/backend"/>
    <property name="java.vm.compressedOopsMode" value="Zero based"/>
    <property name="line.separator" value="&#10;"/>
    <property name="java.vm.specification.vendor" value="Oracle Corporation"/>
    <property name="java.specification.name" value="Java Platform API Specification"/>
    <property name="FILE_LOG_CHARSET" value="UTF-8"/>
    <property name="java.awt.headless" value="true"/>
    <property name="apple.awt.application.name" value="ForkedBooter"/>
    <property name="surefire.real.class.path" value="/Users/fozant/All Coding/Skripsi/Repo/MJTrainingCamp/backend/target/surefire/surefirebooter-20241206143243625_3.jar"/>
    <property name="sun.management.compiler" value="HotSpot 64-Bit Tiered Compilers"/>
    <property name="ftp.nonProxyHosts" value="local|*.local|169.254/16|*.169.254/16"/>
    <property name="java.runtime.version" value="21.0.4+8-LTS-274"/>
    <property name="user.name" value="fozant"/>
    <property name="stdout.encoding" value="UTF-8"/>
    <property name="path.separator" value=":"/>
    <property name="os.version" value="15.1.1"/>
    <property name="java.runtime.name" value="Java(TM) SE Runtime Environment"/>
    <property name="file.encoding" value="UTF-8"/>
    <property name="java.vm.name" value="Java HotSpot(TM) 64-Bit Server VM"/>
    <property name="localRepository" value="/Users/fozant/.m2/repository"/>
    <property name="java.vendor.url.bug" value="https://bugreport.java.com/bugreport/"/>
    <property name="java.io.tmpdir" value="/var/folders/rq/727zgr5d5kjfcyg3wn8tb2vh0000gn/T/"/>
    <property name="com.zaxxer.hikari.pool_number" value="1"/>
    <property name="java.version" value="21.0.4"/>
    <property name="user.dir" value="/Users/fozant/All Coding/Skripsi/Repo/MJTrainingCamp/backend"/>
    <property name="os.arch" value="aarch64"/>
    <property name="java.vm.specification.name" value="Java Virtual Machine Specification"/>
    <property name="PID" value="3704"/>
    <property name="CONSOLE_LOG_CHARSET" value="UTF-8"/>
    <property name="native.encoding" value="UTF-8"/>
    <property name="java.library.path" value="/Users/fozant/Library/Java/Extensions:/Library/Java/Extensions:/Network/Library/Java/Extensions:/System/Library/Java/Extensions:/usr/lib/java:."/>
    <property name="java.vm.info" value="mixed mode, sharing"/>
    <property name="stderr.encoding" value="UTF-8"/>
    <property name="java.vendor" value="Oracle Corporation"/>
    <property name="java.vm.version" value="21.0.4+8-LTS-274"/>
    <property name="sun.io.unicode.encoding" value="UnicodeBig"/>
    <property name="socksNonProxyHosts" value="local|*.local|169.254/16|*.169.254/16"/>
    <property name="java.class.version" value="65.0"/>
  </properties>
  <testcase name="contextLoads" classname="com.project.bookMembership.BookMembershipApplicationTests" time="0.379">
    <system-out><![CDATA[14:32:44.098 [main] INFO org.springframework.test.context.support.AnnotationConfigContextLoaderUtils -- Could not detect default configuration classes for test class [com.project.bookMembership.BookMembershipApplicationTests]: BookMembershipApplicationTests does not declare any static, non-private, non-final, nested classes annotated with @Configuration.
14:32:44.154 [main] INFO org.springframework.boot.test.context.SpringBootTestContextBootstrapper -- Found @SpringBootConfiguration com.project.bookMembership.BookMembershipApplication for test class com.project.bookMembership.BookMembershipApplicationTests
14:32:44.232 [main] INFO org.springframework.boot.devtools.restart.RestartApplicationListener -- Restart disabled due to context in which it is running

  .   ____          _            __ _ _
 /\\ / ___'_ __ _ _(_)_ __  __ _ \ \ \ \
( ( )\___ | '_ | '_| | '_ \/ _` | \ \ \ \
 \\/  ___)| |_)| | | | | || (_| |  ) ) ) )
  '  |____| .__|_| |_|_| |_\__, | / / / /
 =========|_|==============|___/=/_/_/_/
 :: Spring Boot ::                (v3.2.2)

2024-12-06T14:32:44.356+07:00  INFO 3704 --- [           main] c.p.b.BookMembershipApplicationTests     : Starting BookMembershipApplicationTests using Java 21.0.4 with PID 3704 (started by fozant in /Users/fozant/All Coding/Skripsi/Repo/MJTrainingCamp/backend)
2024-12-06T14:32:44.357+07:00  INFO 3704 --- [           main] c.p.b.BookMembershipApplicationTests     : No active profile set, falling back to 1 default profile: "default"
2024-12-06T14:32:44.740+07:00  INFO 3704 --- [           main] .s.d.r.c.RepositoryConfigurationDelegate : Bootstrapping Spring Data JPA repositories in DEFAULT mode.
2024-12-06T14:32:44.785+07:00  INFO 3704 --- [           main] .s.d.r.c.RepositoryConfigurationDelegate : Finished Spring Data repository scanning in 40 ms. Found 9 JPA repository interfaces.
2024-12-06T14:32:45.040+07:00  INFO 3704 --- [           main] o.hibernate.jpa.internal.util.LogHelper  : HHH000204: Processing PersistenceUnitInfo [name: default]
2024-12-06T14:32:45.067+07:00  INFO 3704 --- [           main] org.hibernate.Version                    : HHH000412: Hibernate ORM core version 6.4.1.Final
2024-12-06T14:32:45.083+07:00  INFO 3704 --- [           main] o.h.c.internal.RegionFactoryInitiator    : HHH000026: Second-level cache disabled
2024-12-06T14:32:45.126+07:00 DEBUG 3704 --- [           main] org.hibernate.type.BasicTypeRegistry     : Adding type registration boolean -> org.hibernate.type.BasicTypeReference@541afb85
2024-12-06T14:32:45.126+07:00 DEBUG 3704 --- [           main] org.hibernate.type.BasicTypeRegistry     : Adding type registration boolean -> org.hibernate.type.BasicTypeReference@541afb85
2024-12-06T14:32:45.127+07:00 DEBUG 3704 --- [           main] org.hibernate.type.BasicTypeRegistry     : Adding type registration java.lang.Boolean -> org.hibernate.type.BasicTypeReference@541afb85
2024-12-06T14:32:45.127+07:00 DEBUG 3704 --- [           main] org.hibernate.type.BasicTypeRegistry     : Adding type registration numeric_boolean -> org.hibernate.type.BasicTypeReference@445bce9a
2024-12-06T14:32:45.127+07:00 DEBUG 3704 --- [           main] org.hibernate.type.BasicTypeRegistry     : Adding type registration org.hibernate.type.NumericBooleanConverter -> org.hibernate.type.BasicTypeReference@445bce9a
2024-12-06T14:32:45.127+07:00 DEBUG 3704 --- [           main] org.hibernate.type.BasicTypeRegistry     : Adding type registration true_false -> org.hibernate.type.BasicTypeReference@7db40fd5
2024-12-06T14:32:45.127+07:00 DEBUG 3704 --- [           main] org.hibernate.type.BasicTypeRegistry     : Adding type registration org.hibernate.type.TrueFalseConverter -> org.hibernate.type.BasicTypeReference@7db40fd5
2024-12-06T14:32:45.127+07:00 DEBUG 3704 --- [           main] org.hibernate.type.BasicTypeRegistry     : Adding type registration yes_no -> org.hibernate.type.BasicTypeReference@5e1a5f
2024-12-06T14:32:45.127+07:00 DEBUG 3704 --- [           main] org.hibernate.type.BasicTypeRegistry     : Adding type registration org.hibernate.type.YesNoConverter -> org.hibernate.type.BasicTypeReference@5e1a5f
2024-12-06T14:32:45.127+07:00 DEBUG 3704 --- [           main] org.hibernate.type.BasicTypeRegistry     : Adding type registration byte -> org.hibernate.type.BasicTypeReference@31b0f02
2024-12-06T14:32:45.127+07:00 DEBUG 3704 --- [           main] org.hibernate.type.BasicTypeRegistry     : Adding type registration byte -> org.hibernate.type.BasicTypeReference@31b0f02
2024-12-06T14:32:45.127+07:00 DEBUG 3704 --- [           main] org.hibernate.type.BasicTypeRegistry     : Adding type registration java.lang.Byte -> org.hibernate.type.BasicTypeReference@31b0f02
2024-12-06T14:32:45.127+07:00 DEBUG 3704 --- [           main] org.hibernate.type.BasicTypeRegistry     : Adding type registration binary -> org.hibernate.type.BasicTypeReference@19ae2ee5
2024-12-06T14:32:45.127+07:00 DEBUG 3704 --- [           main] org.hibernate.type.BasicTypeRegistry     : Adding type registration byte[] -> org.hibernate.type.BasicTypeReference@19ae2ee5
2024-12-06T14:32:45.127+07:00 DEBUG 3704 --- [           main] org.hibernate.type.BasicTypeRegistry     : Adding type registration [B -> org.hibernate.type.BasicTypeReference@19ae2ee5
2024-12-06T14:32:45.128+07:00 DEBUG 3704 --- [           main] org.hibernate.type.BasicTypeRegistry     : Adding type registration binary_wrapper -> org.hibernate.type.BasicTypeReference@44b940a2
2024-12-06T14:32:45.128+07:00 DEBUG 3704 --- [           main] org.hibernate.type.BasicTypeRegistry     : Adding type registration wrapper-binary -> org.hibernate.type.BasicTypeReference@44b940a2
2024-12-06T14:32:45.128+07:00 DEBUG 3704 --- [           main] org.hibernate.type.BasicTypeRegistry     : Adding type registration image -> org.hibernate.type.BasicTypeReference@34c53688
2024-12-06T14:32:45.128+07:00 DEBUG 3704 --- [           main] org.hibernate.type.BasicTypeRegistry     : Adding type registration blob -> org.hibernate.type.BasicTypeReference@6ffd4c0d
2024-12-06T14:32:45.128+07:00 DEBUG 3704 --- [           main] org.hibernate.type.BasicTypeRegistry     : Adding type registration java.sql.Blob -> org.hibernate.type.BasicTypeReference@6ffd4c0d
2024-12-06T14:32:45.128+07:00 DEBUG 3704 --- [           main] org.hibernate.type.BasicTypeRegistry     : Adding type registration materialized_blob -> org.hibernate.type.BasicTypeReference@74c9e11
2024-12-06T14:32:45.128+07:00 DEBUG 3704 --- [           main] org.hibernate.type.BasicTypeRegistry     : Adding type registration materialized_blob_wrapper -> org.hibernate.type.BasicTypeReference@9fe720a
2024-12-06T14:32:45.128+07:00 DEBUG 3704 --- [           main] org.hibernate.type.BasicTypeRegistry     : Adding type registration short -> org.hibernate.type.BasicTypeReference@149274cb
2024-12-06T14:32:45.128+07:00 DEBUG 3704 --- [           main] org.hibernate.type.BasicTypeRegistry     : Adding type registration short -> org.hibernate.type.BasicTypeReference@149274cb
2024-12-06T14:32:45.128+07:00 DEBUG 3704 --- [           main] org.hibernate.type.BasicTypeRegistry     : Adding type registration java.lang.Short -> org.hibernate.type.BasicTypeReference@149274cb
2024-12-06T14:32:45.128+07:00 DEBUG 3704 --- [           main] org.hibernate.type.BasicTypeRegistry     : Adding type registration integer -> org.hibernate.type.BasicTypeReference@118acf70
2024-12-06T14:32:45.128+07:00 DEBUG 3704 --- [           main] org.hibernate.type.BasicTypeRegistry     : Adding type registration int -> org.hibernate.type.BasicTypeReference@118acf70
2024-12-06T14:32:45.128+07:00 DEBUG 3704 --- [           main] org.hibernate.type.BasicTypeRegistry     : Adding type registration java.lang.Integer -> org.hibernate.type.BasicTypeReference@118acf70
2024-12-06T14:32:45.129+07:00 DEBUG 3704 --- [           main] org.hibernate.type.BasicTypeRegistry     : Adding type registration long -> org.hibernate.type.BasicTypeReference@72557746
2024-12-06T14:32:45.129+07:00 DEBUG 3704 --- [           main] org.hibernate.type.BasicTypeRegistry     : Adding type registration long -> org.hibernate.type.BasicTypeReference@72557746
2024-12-06T14:32:45.129+07:00 DEBUG 3704 --- [           main] org.hibernate.type.BasicTypeRegistry     : Adding type registration java.lang.Long -> org.hibernate.type.BasicTypeReference@72557746
2024-12-06T14:32:45.129+07:00 DEBUG 3704 --- [           main] org.hibernate.type.BasicTypeRegistry     : Adding type registration float -> org.hibernate.type.BasicTypeReference@8c12524
2024-12-06T14:32:45.129+07:00 DEBUG 3704 --- [           main] org.hibernate.type.BasicTypeRegistry     : Adding type registration float -> org.hibernate.type.BasicTypeReference@8c12524
2024-12-06T14:32:45.129+07:00 DEBUG 3704 --- [           main] org.hibernate.type.BasicTypeRegistry     : Adding type registration java.lang.Float -> org.hibernate.type.BasicTypeReference@8c12524
2024-12-06T14:32:45.129+07:00 DEBUG 3704 --- [           main] org.hibernate.type.BasicTypeRegistry     : Adding type registration double -> org.hibernate.type.BasicTypeReference@f723cdb
2024-12-06T14:32:45.129+07:00 DEBUG 3704 --- [           main] org.hibernate.type.BasicTypeRegistry     : Adding type registration double -> org.hibernate.type.BasicTypeReference@f723cdb
2024-12-06T14:32:45.129+07:00 DEBUG 3704 --- [           main] org.hibernate.type.BasicTypeRegistry     : Adding type registration java.lang.Double -> org.hibernate.type.BasicTypeReference@f723cdb
2024-12-06T14:32:45.129+07:00 DEBUG 3704 --- [           main] org.hibernate.type.BasicTypeRegistry     : Adding type registration big_integer -> org.hibernate.type.BasicTypeReference@4844930a
2024-12-06T14:32:45.129+07:00 DEBUG 3704 --- [           main] org.hibernate.type.BasicTypeRegistry     : Adding type registration java.math.BigInteger -> org.hibernate.type.BasicTypeReference@4844930a
2024-12-06T14:32:45.129+07:00 DEBUG 3704 --- [           main] org.hibernate.type.BasicTypeRegistry     : Adding type registration big_decimal -> org.hibernate.type.BasicTypeReference@11f23203
2024-12-06T14:32:45.129+07:00 DEBUG 3704 --- [           main] org.hibernate.type.BasicTypeRegistry     : Adding type registration java.math.BigDecimal -> org.hibernate.type.BasicTypeReference@11f23203
2024-12-06T14:32:45.130+07:00 DEBUG 3704 --- [           main] org.hibernate.type.BasicTypeRegistry     : Adding type registration character -> org.hibernate.type.BasicTypeReference@101bdd1c
2024-12-06T14:32:45.130+07:00 DEBUG 3704 --- [           main] org.hibernate.type.BasicTypeRegistry     : Adding type registration char -> org.hibernate.type.BasicTypeReference@101bdd1c
2024-12-06T14:32:45.130+07:00 DEBUG 3704 --- [           main] org.hibernate.type.BasicTypeRegistry     : Adding type registration java.lang.Character -> org.hibernate.type.BasicTypeReference@101bdd1c
2024-12-06T14:32:45.130+07:00 DEBUG 3704 --- [           main] org.hibernate.type.BasicTypeRegistry     : Adding type registration character_nchar -> org.hibernate.type.BasicTypeReference@e91af20
2024-12-06T14:32:45.130+07:00 DEBUG 3704 --- [           main] org.hibernate.type.BasicTypeRegistry     : Adding type registration string -> org.hibernate.type.BasicTypeReference@6221b13b
2024-12-06T14:32:45.130+07:00 DEBUG 3704 --- [           main] org.hibernate.type.BasicTypeRegistry     : Adding type registration java.lang.String -> org.hibernate.type.BasicTypeReference@6221b13b
2024-12-06T14:32:45.130+07:00 DEBUG 3704 --- [           main] org.hibernate.type.BasicTypeRegistry     : Adding type registration nstring -> org.hibernate.type.BasicTypeReference@62c3f556
2024-12-06T14:32:45.130+07:00 DEBUG 3704 --- [           main] org.hibernate.type.BasicTypeRegistry     : Adding type registration characters -> org.hibernate.type.BasicTypeReference@2cfe272f
2024-12-06T14:32:45.130+07:00 DEBUG 3704 --- [           main] org.hibernate.type.BasicTypeRegistry     : Adding type registration char[] -> org.hibernate.type.BasicTypeReference@2cfe272f
2024-12-06T14:32:45.130+07:00 DEBUG 3704 --- [           main] org.hibernate.type.BasicTypeRegistry     : Adding type registration [C -> org.hibernate.type.BasicTypeReference@2cfe272f
2024-12-06T14:32:45.130+07:00 DEBUG 3704 --- [           main] org.hibernate.type.BasicTypeRegistry     : Adding type registration wrapper-characters -> org.hibernate.type.BasicTypeReference@2f95653f
2024-12-06T14:32:45.130+07:00 DEBUG 3704 --- [           main] org.hibernate.type.BasicTypeRegistry     : Adding type registration text -> org.hibernate.type.BasicTypeReference@4052b19f
2024-12-06T14:32:45.130+07:00 DEBUG 3704 --- [           main] org.hibernate.type.BasicTypeRegistry     : Adding type registration ntext -> org.hibernate.type.BasicTypeReference@3dc68586
2024-12-06T14:32:45.130+07:00 DEBUG 3704 --- [           main] org.hibernate.type.BasicTypeRegistry     : Adding type registration clob -> org.hibernate.type.BasicTypeReference@60dc1a4e
2024-12-06T14:32:45.131+07:00 DEBUG 3704 --- [           main] org.hibernate.type.BasicTypeRegistry     : Adding type registration java.sql.Clob -> org.hibernate.type.BasicTypeReference@60dc1a4e
2024-12-06T14:32:45.131+07:00 DEBUG 3704 --- [           main] org.hibernate.type.BasicTypeRegistry     : Adding type registration nclob -> org.hibernate.type.BasicTypeReference@646427f7
2024-12-06T14:32:45.131+07:00 DEBUG 3704 --- [           main] org.hibernate.type.BasicTypeRegistry     : Adding type registration java.sql.NClob -> org.hibernate.type.BasicTypeReference@646427f7
2024-12-06T14:32:45.131+07:00 DEBUG 3704 --- [           main] org.hibernate.type.BasicTypeRegistry     : Adding type registration materialized_clob -> org.hibernate.type.BasicTypeReference@31efacad
2024-12-06T14:32:45.131+07:00 DEBUG 3704 --- [           main] org.hibernate.type.BasicTypeRegistry     : Adding type registration materialized_clob_char_array -> org.hibernate.type.BasicTypeReference@380ce5a3
2024-12-06T14:32:45.131+07:00 DEBUG 3704 --- [           main] org.hibernate.type.BasicTypeRegistry     : Adding type registration materialized_clob_character_array -> org.hibernate.type.BasicTypeReference@38029686
2024-12-06T14:32:45.131+07:00 DEBUG 3704 --- [           main] org.hibernate.type.BasicTypeRegistry     : Adding type registration materialized_nclob -> org.hibernate.type.BasicTypeReference@7d9c45ee
2024-12-06T14:32:45.131+07:00 DEBUG 3704 --- [           main] org.hibernate.type.BasicTypeRegistry     : Adding type registration materialized_nclob_character_array -> org.hibernate.type.BasicTypeReference@31da0434
2024-12-06T14:32:45.131+07:00 DEBUG 3704 --- [           main] org.hibernate.type.BasicTypeRegistry     : Adding type registration materialized_nclob_char_array -> org.hibernate.type.BasicTypeReference@6e24ce51
2024-12-06T14:32:45.131+07:00 DEBUG 3704 --- [           main] org.hibernate.type.BasicTypeRegistry     : Adding type registration Duration -> org.hibernate.type.BasicTypeReference@423ed3b5
2024-12-06T14:32:45.131+07:00 DEBUG 3704 --- [           main] org.hibernate.type.BasicTypeRegistry     : Adding type registration java.time.Duration -> org.hibernate.type.BasicTypeReference@423ed3b5
2024-12-06T14:32:45.131+07:00 DEBUG 3704 --- [           main] org.hibernate.type.BasicTypeRegistry     : Adding type registration LocalDateTime -> org.hibernate.type.BasicTypeReference@5d124d29
2024-12-06T14:32:45.131+07:00 DEBUG 3704 --- [           main] org.hibernate.type.BasicTypeRegistry     : Adding type registration java.time.LocalDateTime -> org.hibernate.type.BasicTypeReference@5d124d29
2024-12-06T14:32:45.131+07:00 DEBUG 3704 --- [           main] org.hibernate.type.BasicTypeRegistry     : Adding type registration LocalDate -> org.hibernate.type.BasicTypeReference@3c88191b
2024-12-06T14:32:45.132+07:00 DEBUG 3704 --- [           main] org.hibernate.type.BasicTypeRegistry     : Adding type registration java.time.LocalDate -> org.hibernate.type.BasicTypeReference@3c88191b
2024-12-06T14:32:45.132+07:00 DEBUG 3704 --- [           main] org.hibernate.type.BasicTypeRegistry     : Adding type registration LocalTime -> org.hibernate.type.BasicTypeReference@74960e9d
2024-12-06T14:32:45.132+07:00 DEBUG 3704 --- [           main] org.hibernate.type.BasicTypeRegistry     : Adding type registration java.time.LocalTime -> org.hibernate.type.BasicTypeReference@74960e9d
2024-12-06T14:32:45.132+07:00 DEBUG 3704 --- [           main] org.hibernate.type.BasicTypeRegistry     : Adding type registration OffsetDateTime -> org.hibernate.type.BasicTypeReference@4001d8c1
2024-12-06T14:32:45.132+07:00 DEBUG 3704 --- [           main] org.hibernate.type.BasicTypeRegistry     : Adding type registration java.time.OffsetDateTime -> org.hibernate.type.BasicTypeReference@4001d8c1
2024-12-06T14:32:45.132+07:00 DEBUG 3704 --- [           main] org.hibernate.type.BasicTypeRegistry     : Adding type registration OffsetDateTimeWithTimezone -> org.hibernate.type.BasicTypeReference@fb5aeed
2024-12-06T14:32:45.132+07:00 DEBUG 3704 --- [           main] org.hibernate.type.BasicTypeRegistry     : Adding type registration OffsetDateTimeWithoutTimezone -> org.hibernate.type.BasicTypeReference@73893ec1
2024-12-06T14:32:45.132+07:00 DEBUG 3704 --- [           main] org.hibernate.type.BasicTypeRegistry     : Adding type registration OffsetTime -> org.hibernate.type.BasicTypeReference@37af24cb
2024-12-06T14:32:45.132+07:00 DEBUG 3704 --- [           main] org.hibernate.type.BasicTypeRegistry     : Adding type registration java.time.OffsetTime -> org.hibernate.type.BasicTypeReference@37af24cb
2024-12-06T14:32:45.132+07:00 DEBUG 3704 --- [           main] org.hibernate.type.BasicTypeRegistry     : Adding type registration OffsetTimeUtc -> org.hibernate.type.BasicTypeReference@7926352f
2024-12-06T14:32:45.132+07:00 DEBUG 3704 --- [           main] org.hibernate.type.BasicTypeRegistry     : Adding type registration OffsetTimeWithTimezone -> org.hibernate.type.BasicTypeReference@5bc63e20
2024-12-06T14:32:45.132+07:00 DEBUG 3704 --- [           main] org.hibernate.type.BasicTypeRegistry     : Adding type registration OffsetTimeWithoutTimezone -> org.hibernate.type.BasicTypeReference@61037caf
2024-12-06T14:32:45.132+07:00 DEBUG 3704 --- [           main] org.hibernate.type.BasicTypeRegistry     : Adding type registration ZonedDateTime -> org.hibernate.type.BasicTypeReference@2fc49538
2024-12-06T14:32:45.132+07:00 DEBUG 3704 --- [           main] org.hibernate.type.BasicTypeRegistry     : Adding type registration java.time.ZonedDateTime -> org.hibernate.type.BasicTypeReference@2fc49538
2024-12-06T14:32:45.132+07:00 DEBUG 3704 --- [           main] org.hibernate.type.BasicTypeRegistry     : Adding type registration ZonedDateTimeWithTimezone -> org.hibernate.type.BasicTypeReference@670342a2
2024-12-06T14:32:45.132+07:00 DEBUG 3704 --- [           main] org.hibernate.type.BasicTypeRegistry     : Adding type registration ZonedDateTimeWithoutTimezone -> org.hibernate.type.BasicTypeReference@d5e575c
2024-12-06T14:32:45.132+07:00 DEBUG 3704 --- [           main] org.hibernate.type.BasicTypeRegistry     : Adding type registration date -> org.hibernate.type.BasicTypeReference@7742a45c
2024-12-06T14:32:45.132+07:00 DEBUG 3704 --- [           main] org.hibernate.type.BasicTypeRegistry     : Adding type registration java.sql.Date -> org.hibernate.type.BasicTypeReference@7742a45c
2024-12-06T14:32:45.133+07:00 DEBUG 3704 --- [           main] org.hibernate.type.BasicTypeRegistry     : Adding type registration time -> org.hibernate.type.BasicTypeReference@7ca492d9
2024-12-06T14:32:45.133+07:00 DEBUG 3704 --- [           main] org.hibernate.type.BasicTypeRegistry     : Adding type registration java.sql.Time -> org.hibernate.type.BasicTypeReference@7ca492d9
2024-12-06T14:32:45.133+07:00 DEBUG 3704 --- [           main] org.hibernate.type.BasicTypeRegistry     : Adding type registration timestamp -> org.hibernate.type.BasicTypeReference@14fc9bd
2024-12-06T14:32:45.133+07:00 DEBUG 3704 --- [           main] org.hibernate.type.BasicTypeRegistry     : Adding type registration java.sql.Timestamp -> org.hibernate.type.BasicTypeReference@14fc9bd
2024-12-06T14:32:45.133+07:00 DEBUG 3704 --- [           main] org.hibernate.type.BasicTypeRegistry     : Adding type registration java.util.Date -> org.hibernate.type.BasicTypeReference@14fc9bd
2024-12-06T14:32:45.133+07:00 DEBUG 3704 --- [           main] org.hibernate.type.BasicTypeRegistry     : Adding type registration calendar -> org.hibernate.type.BasicTypeReference@7ed49a7f
2024-12-06T14:32:45.133+07:00 DEBUG 3704 --- [           main] org.hibernate.type.BasicTypeRegistry     : Adding type registration java.util.Calendar -> org.hibernate.type.BasicTypeReference@7ed49a7f
2024-12-06T14:32:45.133+07:00 DEBUG 3704 --- [           main] org.hibernate.type.BasicTypeRegistry     : Adding type registration java.util.GregorianCalendar -> org.hibernate.type.BasicTypeReference@7ed49a7f
2024-12-06T14:32:45.133+07:00 DEBUG 3704 --- [           main] org.hibernate.type.BasicTypeRegistry     : Adding type registration calendar_date -> org.hibernate.type.BasicTypeReference@1cd6b1bd
2024-12-06T14:32:45.133+07:00 DEBUG 3704 --- [           main] org.hibernate.type.BasicTypeRegistry     : Adding type registration calendar_time -> org.hibernate.type.BasicTypeReference@443cdaa4
2024-12-06T14:32:45.133+07:00 DEBUG 3704 --- [           main] org.hibernate.type.BasicTypeRegistry     : Adding type registration instant -> org.hibernate.type.BasicTypeReference@3b41e1bf
2024-12-06T14:32:45.133+07:00 DEBUG 3704 --- [           main] org.hibernate.type.BasicTypeRegistry     : Adding type registration java.time.Instant -> org.hibernate.type.BasicTypeReference@3b41e1bf
2024-12-06T14:32:45.133+07:00 DEBUG 3704 --- [           main] org.hibernate.type.BasicTypeRegistry     : Adding type registration uuid -> org.hibernate.type.BasicTypeReference@619c93ca
2024-12-06T14:32:45.133+07:00 DEBUG 3704 --- [           main] org.hibernate.type.BasicTypeRegistry     : Adding type registration java.util.UUID -> org.hibernate.type.BasicTypeReference@619c93ca
2024-12-06T14:32:45.133+07:00 DEBUG 3704 --- [           main] org.hibernate.type.BasicTypeRegistry     : Adding type registration pg-uuid -> org.hibernate.type.BasicTypeReference@619c93ca
2024-12-06T14:32:45.133+07:00 DEBUG 3704 --- [           main] org.hibernate.type.BasicTypeRegistry     : Adding type registration uuid-binary -> org.hibernate.type.BasicTypeReference@486e9d1d
2024-12-06T14:32:45.133+07:00 DEBUG 3704 --- [           main] org.hibernate.type.BasicTypeRegistry     : Adding type registration uuid-char -> org.hibernate.type.BasicTypeReference@6aa5974e
2024-12-06T14:32:45.133+07:00 DEBUG 3704 --- [           main] org.hibernate.type.BasicTypeRegistry     : Adding type registration class -> org.hibernate.type.BasicTypeReference@5e5ddfbc
2024-12-06T14:32:45.133+07:00 DEBUG 3704 --- [           main] org.hibernate.type.BasicTypeRegistry     : Adding type registration java.lang.Class -> org.hibernate.type.BasicTypeReference@5e5ddfbc
2024-12-06T14:32:45.134+07:00 DEBUG 3704 --- [           main] org.hibernate.type.BasicTypeRegistry     : Adding type registration currency -> org.hibernate.type.BasicTypeReference@5bda157e
2024-12-06T14:32:45.134+07:00 DEBUG 3704 --- [           main] org.hibernate.type.BasicTypeRegistry     : Adding type registration Currency -> org.hibernate.type.BasicTypeReference@5bda157e
2024-12-06T14:32:45.134+07:00 DEBUG 3704 --- [           main] org.hibernate.type.BasicTypeRegistry     : Adding type registration java.util.Currency -> org.hibernate.type.BasicTypeReference@5bda157e
2024-12-06T14:32:45.134+07:00 DEBUG 3704 --- [           main] org.hibernate.type.BasicTypeRegistry     : Adding type registration locale -> org.hibernate.type.BasicTypeReference@67e0fd6d
2024-12-06T14:32:45.134+07:00 DEBUG 3704 --- [           main] org.hibernate.type.BasicTypeRegistry     : Adding type registration java.util.Locale -> org.hibernate.type.BasicTypeReference@67e0fd6d
2024-12-06T14:32:45.134+07:00 DEBUG 3704 --- [           main] org.hibernate.type.BasicTypeRegistry     : Adding type registration serializable -> org.hibernate.type.BasicTypeReference@21390938
2024-12-06T14:32:45.134+07:00 DEBUG 3704 --- [           main] org.hibernate.type.BasicTypeRegistry     : Adding type registration java.io.Serializable -> org.hibernate.type.BasicTypeReference@21390938
2024-12-06T14:32:45.134+07:00 DEBUG 3704 --- [           main] org.hibernate.type.BasicTypeRegistry     : Adding type registration timezone -> org.hibernate.type.BasicTypeReference@1129829c
2024-12-06T14:32:45.134+07:00 DEBUG 3704 --- [           main] org.hibernate.type.BasicTypeRegistry     : Adding type registration java.util.TimeZone -> org.hibernate.type.BasicTypeReference@1129829c
2024-12-06T14:32:45.134+07:00 DEBUG 3704 --- [           main] org.hibernate.type.BasicTypeRegistry     : Adding type registration ZoneOffset -> org.hibernate.type.BasicTypeReference@1a531422
2024-12-06T14:32:45.134+07:00 DEBUG 3704 --- [           main] org.hibernate.type.BasicTypeRegistry     : Adding type registration java.time.ZoneOffset -> org.hibernate.type.BasicTypeReference@1a531422
2024-12-06T14:32:45.134+07:00 DEBUG 3704 --- [           main] org.hibernate.type.BasicTypeRegistry     : Adding type registration url -> org.hibernate.type.BasicTypeReference@7a388990
2024-12-06T14:32:45.134+07:00 DEBUG 3704 --- [           main] org.hibernate.type.BasicTypeRegistry     : Adding type registration java.net.URL -> org.hibernate.type.BasicTypeReference@7a388990
2024-12-06T14:32:45.134+07:00 DEBUG 3704 --- [           main] org.hibernate.type.BasicTypeRegistry     : Adding type registration vector -> org.hibernate.type.BasicTypeReference@13213f26
2024-12-06T14:32:45.134+07:00 DEBUG 3704 --- [           main] org.hibernate.type.BasicTypeRegistry     : Adding type registration row_version -> org.hibernate.type.BasicTypeReference@4e4162bc
2024-12-06T14:32:45.137+07:00 DEBUG 3704 --- [           main] org.hibernate.type.BasicTypeRegistry     : Adding type registration object -> org.hibernate.type.JavaObjectType@1a8e9ed9
2024-12-06T14:32:45.137+07:00 DEBUG 3704 --- [           main] org.hibernate.type.BasicTypeRegistry     : Adding type registration java.lang.Object -> org.hibernate.type.JavaObjectType@1a8e9ed9
2024-12-06T14:32:45.137+07:00 DEBUG 3704 --- [           main] org.hibernate.type.BasicTypeRegistry     : Adding type registration null -> org.hibernate.type.NullType@30a9e3db
2024-12-06T14:32:45.138+07:00 DEBUG 3704 --- [           main] org.hibernate.type.BasicTypeRegistry     : Adding type registration imm_date -> org.hibernate.type.BasicTypeReference@2f9b21d6
2024-12-06T14:32:45.138+07:00 DEBUG 3704 --- [           main] org.hibernate.type.BasicTypeRegistry     : Adding type registration imm_time -> org.hibernate.type.BasicTypeReference@16a3cc88
2024-12-06T14:32:45.138+07:00 DEBUG 3704 --- [           main] org.hibernate.type.BasicTypeRegistry     : Adding type registration imm_timestamp -> org.hibernate.type.BasicTypeReference@696b52bc
2024-12-06T14:32:45.138+07:00 DEBUG 3704 --- [           main] org.hibernate.type.BasicTypeRegistry     : Adding type registration imm_calendar -> org.hibernate.type.BasicTypeReference@1f884bd6
2024-12-06T14:32:45.138+07:00 DEBUG 3704 --- [           main] org.hibernate.type.BasicTypeRegistry     : Adding type registration imm_calendar_date -> org.hibernate.type.BasicTypeReference@4f081b5d
2024-12-06T14:32:45.138+07:00 DEBUG 3704 --- [           main] org.hibernate.type.BasicTypeRegistry     : Adding type registration imm_calendar_time -> org.hibernate.type.BasicTypeReference@474749b8
2024-12-06T14:32:45.138+07:00 DEBUG 3704 --- [           main] org.hibernate.type.BasicTypeRegistry     : Adding type registration imm_binary -> org.hibernate.type.BasicTypeReference@740a0d5e
2024-12-06T14:32:45.138+07:00 DEBUG 3704 --- [           main] org.hibernate.type.BasicTypeRegistry     : Adding type registration imm_serializable -> org.hibernate.type.BasicTypeReference@29013ef2
2024-12-06T14:32:45.211+07:00  INFO 3704 --- [           main] o.s.o.j.p.SpringPersistenceUnitInfo      : No LoadTimeWeaver setup: ignoring JPA class transformer
2024-12-06T14:32:45.233+07:00  INFO 3704 --- [           main] com.zaxxer.hikari.HikariDataSource       : HikariPool-1 - Starting...
2024-12-06T14:32:45.876+07:00  INFO 3704 --- [           main] com.zaxxer.hikari.pool.HikariPool        : HikariPool-1 - Added connection org.postgresql.jdbc.PgConnection@74b97416
2024-12-06T14:32:45.877+07:00  INFO 3704 --- [           main] com.zaxxer.hikari.HikariDataSource       : HikariPool-1 - Start completed.
2024-12-06T14:32:46.096+07:00 DEBUG 3704 --- [           main] o.h.t.d.sql.spi.DdlTypeRegistry          : addDescriptor(2003, org.hibernate.type.descriptor.sql.internal.ArrayDdlTypeImpl@370225c7) replaced previous registration(org.hibernate.type.descriptor.sql.internal.ArrayDdlTypeImpl@6ac756b)
2024-12-06T14:32:46.096+07:00 DEBUG 3704 --- [           main] o.h.t.d.sql.spi.DdlTypeRegistry          : addDescriptor(6, org.hibernate.type.descriptor.sql.internal.CapacityDependentDdlType@156324b) replaced previous registration(org.hibernate.type.descriptor.sql.internal.DdlTypeImpl@38a38ed4)
2024-12-06T14:32:46.097+07:00 DEBUG 3704 --- [           main] o.h.t.d.jdbc.spi.JdbcTypeRegistry        : addDescriptor(2004, BlobTypeDescriptor(BLOB_BINDING)) replaced previous registration(BlobTypeDescriptor(DEFAULT))
2024-12-06T14:32:46.097+07:00 DEBUG 3704 --- [           main] o.h.t.d.jdbc.spi.JdbcTypeRegistry        : addDescriptor(2005, ClobTypeDescriptor(CLOB_BINDING)) replaced previous registration(ClobTypeDescriptor(DEFAULT))
2024-12-06T14:32:46.102+07:00 DEBUG 3704 --- [           main] org.hibernate.type.BasicTypeRegistry     : Adding type registration JAVA_OBJECT -> org.hibernate.type.JavaObjectType@3f1158ee
2024-12-06T14:32:46.102+07:00 DEBUG 3704 --- [           main] org.hibernate.type.BasicTypeRegistry     : Adding type registration java.lang.Object -> org.hibernate.type.JavaObjectType@3f1158ee
2024-12-06T14:32:46.102+07:00 DEBUG 3704 --- [           main] org.hibernate.type.BasicTypeRegistry     : Type registration key [java.lang.Object] overrode previous entry : `org.hibernate.type.JavaObjectType@1a8e9ed9`
2024-12-06T14:32:46.104+07:00 DEBUG 3704 --- [           main] org.hibernate.type.BasicTypeRegistry     : Adding type registration org.hibernate.type.DurationType -> basicType@1(java.time.Duration,2)
2024-12-06T14:32:46.104+07:00 DEBUG 3704 --- [           main] org.hibernate.type.BasicTypeRegistry     : Adding type registration Duration -> basicType@1(java.time.Duration,2)
2024-12-06T14:32:46.104+07:00 DEBUG 3704 --- [           main] org.hibernate.type.BasicTypeRegistry     : Adding type registration java.time.Duration -> basicType@1(java.time.Duration,2)
2024-12-06T14:32:46.106+07:00 DEBUG 3704 --- [           main] org.hibernate.type.BasicTypeRegistry     : Adding type registration org.hibernate.type.OffsetDateTimeType -> basicType@2(java.time.OffsetDateTime,3003)
2024-12-06T14:32:46.106+07:00 DEBUG 3704 --- [           main] org.hibernate.type.BasicTypeRegistry     : Adding type registration OffsetDateTime -> basicType@2(java.time.OffsetDateTime,3003)
2024-12-06T14:32:46.106+07:00 DEBUG 3704 --- [           main] org.hibernate.type.BasicTypeRegistry     : Adding type registration java.time.OffsetDateTime -> basicType@2(java.time.OffsetDateTime,3003)
2024-12-06T14:32:46.106+07:00 DEBUG 3704 --- [           main] org.hibernate.type.BasicTypeRegistry     : Adding type registration org.hibernate.type.ZonedDateTimeType -> basicType@3(java.time.ZonedDateTime,3003)
2024-12-06T14:32:46.107+07:00 DEBUG 3704 --- [           main] org.hibernate.type.BasicTypeRegistry     : Adding type registration ZonedDateTime -> basicType@3(java.time.ZonedDateTime,3003)
2024-12-06T14:32:46.107+07:00 DEBUG 3704 --- [           main] org.hibernate.type.BasicTypeRegistry     : Adding type registration java.time.ZonedDateTime -> basicType@3(java.time.ZonedDateTime,3003)
2024-12-06T14:32:46.107+07:00 DEBUG 3704 --- [           main] org.hibernate.type.BasicTypeRegistry     : Adding type registration org.hibernate.type.OffsetTimeType -> basicType@4(java.time.OffsetTime,3007)
2024-12-06T14:32:46.107+07:00 DEBUG 3704 --- [           main] org.hibernate.type.BasicTypeRegistry     : Adding type registration OffsetTime -> basicType@4(java.time.OffsetTime,3007)
2024-12-06T14:32:46.107+07:00 DEBUG 3704 --- [           main] org.hibernate.type.BasicTypeRegistry     : Adding type registration java.time.OffsetTime -> basicType@4(java.time.OffsetTime,3007)
2024-12-06T14:32:46.108+07:00 DEBUG 3704 --- [           main] o.h.type.spi.TypeConfiguration$Scope     : Scoping TypeConfiguration [org.hibernate.type.spi.TypeConfiguration@3e98b933] to MetadataBuildingContext [org.hibernate.boot.internal.MetadataBuildingContextRootImpl@222d9d4f]
2024-12-06T14:32:46.669+07:00  INFO 3704 --- [           main] o.h.e.t.j.p.i.JtaPlatformInitiator       : HHH000489: No JTA platform available (set 'hibernate.transaction.jta.platform' to enable JTA platform integration)
2024-12-06T14:32:46.670+07:00 DEBUG 3704 --- [           main] o.h.type.spi.TypeConfiguration$Scope     : Scoping TypeConfiguration [org.hibernate.type.spi.TypeConfiguration@3e98b933] to SessionFactoryImplementor [org.hibernate.internal.SessionFactoryImpl@38e052b2]
2024-12-06T14:32:48.913+07:00 TRACE 3704 --- [           main] o.h.type.spi.TypeConfiguration$Scope     : Handling #sessionFactoryCreated from [org.hibernate.internal.SessionFactoryImpl@38e052b2] for TypeConfiguration
2024-12-06T14:32:48.914+07:00  INFO 3704 --- [           main] j.LocalContainerEntityManagerFactoryBean : Initialized JPA EntityManagerFactory for persistence unit 'default'
2024-12-06T14:32:49.115+07:00  INFO 3704 --- [           main] o.s.d.j.r.query.QueryEnhancerFactory     : Hibernate is in classpath; If applicable, HQL parser will be used.
2024-12-06T14:32:49.766+07:00  WARN 3704 --- [           main] JpaBaseConfiguration$JpaWebConfiguration : spring.jpa.open-in-view is enabled by default. Therefore, database queries may be performed during view rendering. Explicitly configure spring.jpa.open-in-view to disable this warning
2024-12-06T14:32:49.954+07:00  INFO 3704 --- [           main] o.s.s.web.DefaultSecurityFilterChain     : Will secure any request with [org.springframework.security.web.session.DisableEncodeUrlFilter@34692767, org.springframework.security.web.context.request.async.WebAsyncManagerIntegrationFilter@4b98900b, org.springframework.security.web.context.SecurityContextHolderFilter@44264fb6, org.springframework.security.web.header.HeaderWriterFilter@6149184e, org.springframework.web.filter.CorsFilter@24bd88df, org.springframework.security.web.authentication.logout.LogoutFilter@1692d173, com.project.bookMembership.config.JwtAuthFilter@6f9b5f01, org.springframework.security.web.savedrequest.RequestCacheAwareFilter@1f9a472e, org.springframework.security.web.servletapi.SecurityContextHolderAwareRequestFilter@52b7d2d3, org.springframework.security.web.authentication.AnonymousAuthenticationFilter@78d816e6, org.springframework.security.web.session.SessionManagementFilter@136bd1d1, org.springframework.security.web.access.ExceptionTranslationFilter@1e33203f, org.springframework.security.web.access.intercept.FilterSecurityInterceptor@2033fd39]
2024-12-06T14:32:50.104+07:00  INFO 3704 --- [           main] c.p.b.BookMembershipApplicationTests     : Started BookMembershipApplicationTests in 5.879 seconds (process running for 6.396)
]]></system-out>
    <system-err><![CDATA[WARNING: A Java agent has been loaded dynamically (/Users/fozant/.m2/repository/net/bytebuddy/byte-buddy-agent/1.14.11/byte-buddy-agent-1.14.11.jar)
WARNING: If a serviceability tool is in use, please run with -XX:+EnableDynamicAgentLoading to hide this warning
WARNING: If a serviceability tool is not in use, please run with -Djdk.instrument.traceUsage for more information
WARNING: Dynamic loading of agents will be disallowed by default in a future release
]]></system-err>
  </testcase>
</testsuite>