<?xml version="1.0" encoding="UTF-8"?>
<testsuite xmlns:xsi="http://www.w3.org/2001/XMLSchema-instance" xsi:noNamespaceSchemaLocation="https://maven.apache.org/surefire/maven-surefire-plugin/xsd/surefire-test-report-3.0.xsd" version="3.0" name="com.project.bookMembership.BookMembershipApplicationTests" time="5.19" tests="1" errors="0" skipped="0" failures="0">
  <properties>
    <property name="java.specification.version" value="21"/>
    <property name="sun.jnu.encoding" value="UTF-8"/>
    <property name="java.class.path" value="/Users/fozant/All Coding/Skripsi/Repo/MJTrainingCamp/backend/target/test-classes:/Users/fozant/All Coding/Skripsi/Repo/MJTrainingCamp/backend/target/classes:/Users/fozant/.m2/repository/org/springframework/boot/spring-boot-starter-data-jpa/3.2.2/spring-boot-starter-data-jpa-3.2.2.jar:/Users/fozant/.m2/repository/org/springframework/boot/spring-boot-starter-aop/3.2.2/spring-boot-starter-aop-3.2.2.jar:/Users/fozant/.m2/repository/org/aspectj/aspectjweaver/1.9.21/aspectjweaver-1.9.21.jar:/Users/fozant/.m2/repository/org/springframework/boot/spring-boot-starter-jdbc/3.2.2/spring-boot-starter-jdbc-3.2.2.jar:/Users/fozant/.m2/repository/com/zaxxer/HikariCP/5.0.1/HikariCP-5.0.1.jar:/Users/fozant/.m2/repository/org/springframework/spring-jdbc/6.1.3/spring-jdbc-6.1.3.jar:/Users/fozant/.m2/repository/org/hibernate/orm/hibernate-core/6.4.1.Final/hibernate-core-6.4.1.Final.jar:/Users/fozant/.m2/repository/jakarta/persistence/jakarta.persistence-api/3.1.0/jakarta.persistence-api-3.1.0.jar:/Users/fozant/.m2/repository/jakarta/transaction/jakarta.transaction-api/2.0.1/jakarta.transaction-api-2.0.1.jar:/Users/fozant/.m2/repository/org/jboss/logging/jboss-logging/3.5.3.Final/jboss-logging-3.5.3.Final.jar:/Users/fozant/.m2/repository/org/hibernate/common/hibernate-commons-annotations/6.0.6.Final/hibernate-commons-annotations-6.0.6.Final.jar:/Users/fozant/.m2/repository/io/smallrye/jandex/3.1.2/jandex-3.1.2.jar:/Users/fozant/.m2/repository/com/fasterxml/classmate/1.6.0/classmate-1.6.0.jar:/Users/fozant/.m2/repository/net/bytebuddy/byte-buddy/1.14.11/byte-buddy-1.14.11.jar:/Users/fozant/.m2/repository/org/glassfish/jaxb/jaxb-runtime/4.0.4/jaxb-runtime-4.0.4.jar:/Users/fozant/.m2/repository/org/glassfish/jaxb/jaxb-core/4.0.4/jaxb-core-4.0.4.jar:/Users/fozant/.m2/repository/org/eclipse/angus/angus-activation/2.0.1/angus-activation-2.0.1.jar:/Users/fozant/.m2/repository/org/glassfish/jaxb/txw2/4.0.4/txw2-4.0.4.jar:/Users/fozant/.m2/repository/com/sun/istack/istack-commons-runtime/4.1.2/istack-commons-runtime-4.1.2.jar:/Users/fozant/.m2/repository/jakarta/inject/jakarta.inject-api/2.0.1/jakarta.inject-api-2.0.1.jar:/Users/fozant/.m2/repository/org/antlr/antlr4-runtime/4.13.0/antlr4-runtime-4.13.0.jar:/Users/fozant/.m2/repository/org/springframework/data/spring-data-jpa/3.2.2/spring-data-jpa-3.2.2.jar:/Users/fozant/.m2/repository/org/springframework/data/spring-data-commons/3.2.2/spring-data-commons-3.2.2.jar:/Users/fozant/.m2/repository/org/springframework/spring-orm/6.1.3/spring-orm-6.1.3.jar:/Users/fozant/.m2/repository/org/springframework/spring-context/6.1.3/spring-context-6.1.3.jar:/Users/fozant/.m2/repository/org/springframework/spring-tx/6.1.3/spring-tx-6.1.3.jar:/Users/fozant/.m2/repository/org/springframework/spring-beans/6.1.3/spring-beans-6.1.3.jar:/Users/fozant/.m2/repository/jakarta/annotation/jakarta.annotation-api/2.1.1/jakarta.annotation-api-2.1.1.jar:/Users/fozant/.m2/repository/org/slf4j/slf4j-api/2.0.11/slf4j-api-2.0.11.jar:/Users/fozant/.m2/repository/org/springframework/spring-aspects/6.1.3/spring-aspects-6.1.3.jar:/Users/fozant/.m2/repository/org/springframework/boot/spring-boot-starter-security/3.2.2/spring-boot-starter-security-3.2.2.jar:/Users/fozant/.m2/repository/org/springframework/boot/spring-boot-starter/3.2.2/spring-boot-starter-3.2.2.jar:/Users/fozant/.m2/repository/org/springframework/boot/spring-boot-starter-logging/3.2.2/spring-boot-starter-logging-3.2.2.jar:/Users/fozant/.m2/repository/ch/qos/logback/logback-classic/1.4.14/logback-classic-1.4.14.jar:/Users/fozant/.m2/repository/ch/qos/logback/logback-core/1.4.14/logback-core-1.4.14.jar:/Users/fozant/.m2/repository/org/apache/logging/log4j/log4j-to-slf4j/2.21.1/log4j-to-slf4j-2.21.1.jar:/Users/fozant/.m2/repository/org/apache/logging/log4j/log4j-api/2.21.1/log4j-api-2.21.1.jar:/Users/fozant/.m2/repository/org/slf4j/jul-to-slf4j/2.0.11/jul-to-slf4j-2.0.11.jar:/Users/fozant/.m2/repository/org/yaml/snakeyaml/2.2/snakeyaml-2.2.jar:/Users/fozant/.m2/repository/org/springframework/spring-aop/6.1.3/spring-aop-6.1.3.jar:/Users/fozant/.m2/repository/org/springframework/security/spring-security-config/6.2.1/spring-security-config-6.2.1.jar:/Users/fozant/.m2/repository/org/springframework/security/spring-security-web/6.2.1/spring-security-web-6.2.1.jar:/Users/fozant/.m2/repository/org/springframework/spring-expression/6.1.3/spring-expression-6.1.3.jar:/Users/fozant/.m2/repository/org/springframework/boot/spring-boot-starter-web/3.2.2/spring-boot-starter-web-3.2.2.jar:/Users/fozant/.m2/repository/org/springframework/boot/spring-boot-starter-json/3.2.2/spring-boot-starter-json-3.2.2.jar:/Users/fozant/.m2/repository/com/fasterxml/jackson/datatype/jackson-datatype-jdk8/2.15.3/jackson-datatype-jdk8-2.15.3.jar:/Users/fozant/.m2/repository/com/fasterxml/jackson/datatype/jackson-datatype-jsr310/2.15.3/jackson-datatype-jsr310-2.15.3.jar:/Users/fozant/.m2/repository/com/fasterxml/jackson/module/jackson-module-parameter-names/2.15.3/jackson-module-parameter-names-2.15.3.jar:/Users/fozant/.m2/repository/org/springframework/boot/spring-boot-starter-tomcat/3.2.2/spring-boot-starter-tomcat-3.2.2.jar:/Users/fozant/.m2/repository/org/apache/tomcat/embed/tomcat-embed-core/10.1.18/tomcat-embed-core-10.1.18.jar:/Users/fozant/.m2/repository/org/apache/tomcat/embed/tomcat-embed-el/10.1.18/tomcat-embed-el-10.1.18.jar:/Users/fozant/.m2/repository/org/apache/tomcat/embed/tomcat-embed-websocket/10.1.18/tomcat-embed-websocket-10.1.18.jar:/Users/fozant/.m2/repository/org/springframework/spring-web/6.1.3/spring-web-6.1.3.jar:/Users/fozant/.m2/repository/io/micrometer/micrometer-observation/1.12.2/micrometer-observation-1.12.2.jar:/Users/fozant/.m2/repository/io/micrometer/micrometer-commons/1.12.2/micrometer-commons-1.12.2.jar:/Users/fozant/.m2/repository/org/springframework/spring-webmvc/6.1.3/spring-webmvc-6.1.3.jar:/Users/fozant/.m2/repository/org/springframework/boot/spring-boot-devtools/3.2.2/spring-boot-devtools-3.2.2.jar:/Users/fozant/.m2/repository/org/springframework/boot/spring-boot/3.2.2/spring-boot-3.2.2.jar:/Users/fozant/.m2/repository/org/springframework/boot/spring-boot-autoconfigure/3.2.2/spring-boot-autoconfigure-3.2.2.jar:/Users/fozant/.m2/repository/com/mysql/mysql-connector-j/8.3.0/mysql-connector-j-8.3.0.jar:/Users/fozant/.m2/repository/org/projectlombok/lombok/1.18.30/lombok-1.18.30.jar:/Users/fozant/.m2/repository/org/postgresql/postgresql/42.6.0/postgresql-42.6.0.jar:/Users/fozant/.m2/repository/org/checkerframework/checker-qual/3.31.0/checker-qual-3.31.0.jar:/Users/fozant/.m2/repository/io/jsonwebtoken/jjwt-api/0.11.5/jjwt-api-0.11.5.jar:/Users/fozant/.m2/repository/io/jsonwebtoken/jjwt-impl/0.11.5/jjwt-impl-0.11.5.jar:/Users/fozant/.m2/repository/io/jsonwebtoken/jjwt-jackson/0.11.5/jjwt-jackson-0.11.5.jar:/Users/fozant/.m2/repository/com/fasterxml/jackson/core/jackson-databind/2.15.3/jackson-databind-2.15.3.jar:/Users/fozant/.m2/repository/com/fasterxml/jackson/core/jackson-annotations/2.15.3/jackson-annotations-2.15.3.jar:/Users/fozant/.m2/repository/com/fasterxml/jackson/core/jackson-core/2.15.3/jackson-core-2.15.3.jar:/Users/fozant/.m2/repository/javax/activation/javax.activation-api/1.2.0/javax.activation-api-1.2.0.jar:/Users/fozant/.m2/repository/org/springframework/boot/spring-boot-starter-test/3.2.2/spring-boot-starter-test-3.2.2.jar:/Users/fozant/.m2/repository/org/springframework/boot/spring-boot-test/3.2.2/spring-boot-test-3.2.2.jar:/Users/fozant/.m2/repository/org/springframework/boot/spring-boot-test-autoconfigure/3.2.2/spring-boot-test-autoconfigure-3.2.2.jar:/Users/fozant/.m2/repository/com/jayway/jsonpath/json-path/2.8.0/json-path-2.8.0.jar:/Users/fozant/.m2/repository/jakarta/xml/bind/jakarta.xml.bind-api/4.0.1/jakarta.xml.bind-api-4.0.1.jar:/Users/fozant/.m2/repository/jakarta/activation/jakarta.activation-api/2.1.2/jakarta.activation-api-2.1.2.jar:/Users/fozant/.m2/repository/net/minidev/json-smart/2.5.0/json-smart-2.5.0.jar:/Users/fozant/.m2/repository/net/minidev/accessors-smart/2.5.0/accessors-smart-2.5.0.jar:/Users/fozant/.m2/repository/org/ow2/asm/asm/9.3/asm-9.3.jar:/Users/fozant/.m2/repository/org/assertj/assertj-core/3.24.2/assertj-core-3.24.2.jar:/Users/fozant/.m2/repository/org/awaitility/awaitility/4.2.0/awaitility-4.2.0.jar:/Users/fozant/.m2/repository/org/hamcrest/hamcrest/2.2/hamcrest-2.2.jar:/Users/fozant/.m2/repository/org/junit/jupiter/junit-jupiter/5.10.1/junit-jupiter-5.10.1.jar:/Users/fozant/.m2/repository/org/junit/jupiter/junit-jupiter-api/5.10.1/junit-jupiter-api-5.10.1.jar:/Users/fozant/.m2/repository/org/opentest4j/opentest4j/1.3.0/opentest4j-1.3.0.jar:/Users/fozant/.m2/repository/org/junit/platform/junit-platform-commons/1.10.1/junit-platform-commons-1.10.1.jar:/Users/fozant/.m2/repository/org/apiguardian/apiguardian-api/1.1.2/apiguardian-api-1.1.2.jar:/Users/fozant/.m2/repository/org/junit/jupiter/junit-jupiter-params/5.10.1/junit-jupiter-params-5.10.1.jar:/Users/fozant/.m2/repository/org/junit/jupiter/junit-jupiter-engine/5.10.1/junit-jupiter-engine-5.10.1.jar:/Users/fozant/.m2/repository/org/junit/platform/junit-platform-engine/1.10.1/junit-platform-engine-1.10.1.jar:/Users/fozant/.m2/repository/org/mockito/mockito-core/5.7.0/mockito-core-5.7.0.jar:/Users/fozant/.m2/repository/net/bytebuddy/byte-buddy-agent/1.14.11/byte-buddy-agent-1.14.11.jar:/Users/fozant/.m2/repository/org/objenesis/objenesis/3.3/objenesis-3.3.jar:/Users/fozant/.m2/repository/org/mockito/mockito-junit-jupiter/5.7.0/mockito-junit-jupiter-5.7.0.jar:/Users/fozant/.m2/repository/org/skyscreamer/jsonassert/1.5.1/jsonassert-1.5.1.jar:/Users/fozant/.m2/repository/com/vaadin/external/google/android-json/0.0.20131108.vaadin1/android-json-0.0.20131108.vaadin1.jar:/Users/fozant/.m2/repository/org/springframework/spring-core/6.1.3/spring-core-6.1.3.jar:/Users/fozant/.m2/repository/org/springframework/spring-jcl/6.1.3/spring-jcl-6.1.3.jar:/Users/fozant/.m2/repository/org/springframework/spring-test/6.1.3/spring-test-6.1.3.jar:/Users/fozant/.m2/repository/org/xmlunit/xmlunit-core/2.9.1/xmlunit-core-2.9.1.jar:/Users/fozant/.m2/repository/org/springframework/security/spring-security-test/6.2.1/spring-security-test-6.2.1.jar:/Users/fozant/.m2/repository/org/springframework/security/spring-security-core/6.2.1/spring-security-core-6.2.1.jar:/Users/fozant/.m2/repository/org/springframework/security/spring-security-crypto/6.2.1/spring-security-crypto-6.2.1.jar:"/>
    <property name="java.vm.vendor" value="Oracle Corporation"/>
    <property name="sun.arch.data.model" value="64"/>
    <property name="java.vendor.url" value="https://java.oracle.com/"/>
    <property name="user.timezone" value="Asia/Jakarta"/>
    <property name="org.jboss.logging.provider" value="slf4j"/>
    <property name="os.name" value="Mac OS X"/>
    <property name="java.vm.specification.version" value="21"/>
    <property name="sun.java.launcher" value="SUN_STANDARD"/>
    <property name="user.country" value="ID"/>
    <property name="sun.boot.library.path" value="/Library/Java/JavaVirtualMachines/jdk-21.jdk/Contents/Home/lib"/>
    <property name="sun.java.command" value="/Users/fozant/All Coding/Skripsi/Repo/MJTrainingCamp/backend/target/surefire/surefirebooter-20241129213048983_3.jar /Users/fozant/All Coding/Skripsi/Repo/MJTrainingCamp/backend/target/surefire 2024-11-29T21-30-48_946-jvmRun1 surefire-20241129213048983_1tmp surefire_0-20241129213048983_2tmp"/>
    <property name="http.nonProxyHosts" value="local|*.local|169.254/16|*.169.254/16"/>
    <property name="jdk.debug" value="release"/>
    <property name="surefire.test.class.path" value="/Users/fozant/All Coding/Skripsi/Repo/MJTrainingCamp/backend/target/test-classes:/Users/fozant/All Coding/Skripsi/Repo/MJTrainingCamp/backend/target/classes:/Users/fozant/.m2/repository/org/springframework/boot/spring-boot-starter-data-jpa/3.2.2/spring-boot-starter-data-jpa-3.2.2.jar:/Users/fozant/.m2/repository/org/springframework/boot/spring-boot-starter-aop/3.2.2/spring-boot-starter-aop-3.2.2.jar:/Users/fozant/.m2/repository/org/aspectj/aspectjweaver/1.9.21/aspectjweaver-1.9.21.jar:/Users/fozant/.m2/repository/org/springframework/boot/spring-boot-starter-jdbc/3.2.2/spring-boot-starter-jdbc-3.2.2.jar:/Users/fozant/.m2/repository/com/zaxxer/HikariCP/5.0.1/HikariCP-5.0.1.jar:/Users/fozant/.m2/repository/org/springframework/spring-jdbc/6.1.3/spring-jdbc-6.1.3.jar:/Users/fozant/.m2/repository/org/hibernate/orm/hibernate-core/6.4.1.Final/hibernate-core-6.4.1.Final.jar:/Users/fozant/.m2/repository/jakarta/persistence/jakarta.persistence-api/3.1.0/jakarta.persistence-api-3.1.0.jar:/Users/fozant/.m2/repository/jakarta/transaction/jakarta.transaction-api/2.0.1/jakarta.transaction-api-2.0.1.jar:/Users/fozant/.m2/repository/org/jboss/logging/jboss-logging/3.5.3.Final/jboss-logging-3.5.3.Final.jar:/Users/fozant/.m2/repository/org/hibernate/common/hibernate-commons-annotations/6.0.6.Final/hibernate-commons-annotations-6.0.6.Final.jar:/Users/fozant/.m2/repository/io/smallrye/jandex/3.1.2/jandex-3.1.2.jar:/Users/fozant/.m2/repository/com/fasterxml/classmate/1.6.0/classmate-1.6.0.jar:/Users/fozant/.m2/repository/net/bytebuddy/byte-buddy/1.14.11/byte-buddy-1.14.11.jar:/Users/fozant/.m2/repository/org/glassfish/jaxb/jaxb-runtime/4.0.4/jaxb-runtime-4.0.4.jar:/Users/fozant/.m2/repository/org/glassfish/jaxb/jaxb-core/4.0.4/jaxb-core-4.0.4.jar:/Users/fozant/.m2/repository/org/eclipse/angus/angus-activation/2.0.1/angus-activation-2.0.1.jar:/Users/fozant/.m2/repository/org/glassfish/jaxb/txw2/4.0.4/txw2-4.0.4.jar:/Users/fozant/.m2/repository/com/sun/istack/istack-commons-runtime/4.1.2/istack-commons-runtime-4.1.2.jar:/Users/fozant/.m2/repository/jakarta/inject/jakarta.inject-api/2.0.1/jakarta.inject-api-2.0.1.jar:/Users/fozant/.m2/repository/org/antlr/antlr4-runtime/4.13.0/antlr4-runtime-4.13.0.jar:/Users/fozant/.m2/repository/org/springframework/data/spring-data-jpa/3.2.2/spring-data-jpa-3.2.2.jar:/Users/fozant/.m2/repository/org/springframework/data/spring-data-commons/3.2.2/spring-data-commons-3.2.2.jar:/Users/fozant/.m2/repository/org/springframework/spring-orm/6.1.3/spring-orm-6.1.3.jar:/Users/fozant/.m2/repository/org/springframework/spring-context/6.1.3/spring-context-6.1.3.jar:/Users/fozant/.m2/repository/org/springframework/spring-tx/6.1.3/spring-tx-6.1.3.jar:/Users/fozant/.m2/repository/org/springframework/spring-beans/6.1.3/spring-beans-6.1.3.jar:/Users/fozant/.m2/repository/jakarta/annotation/jakarta.annotation-api/2.1.1/jakarta.annotation-api-2.1.1.jar:/Users/fozant/.m2/repository/org/slf4j/slf4j-api/2.0.11/slf4j-api-2.0.11.jar:/Users/fozant/.m2/repository/org/springframework/spring-aspects/6.1.3/spring-aspects-6.1.3.jar:/Users/fozant/.m2/repository/org/springframework/boot/spring-boot-starter-security/3.2.2/spring-boot-starter-security-3.2.2.jar:/Users/fozant/.m2/repository/org/springframework/boot/spring-boot-starter/3.2.2/spring-boot-starter-3.2.2.jar:/Users/fozant/.m2/repository/org/springframework/boot/spring-boot-starter-logging/3.2.2/spring-boot-starter-logging-3.2.2.jar:/Users/fozant/.m2/repository/ch/qos/logback/logback-classic/1.4.14/logback-classic-1.4.14.jar:/Users/fozant/.m2/repository/ch/qos/logback/logback-core/1.4.14/logback-core-1.4.14.jar:/Users/fozant/.m2/repository/org/apache/logging/log4j/log4j-to-slf4j/2.21.1/log4j-to-slf4j-2.21.1.jar:/Users/fozant/.m2/repository/org/apache/logging/log4j/log4j-api/2.21.1/log4j-api-2.21.1.jar:/Users/fozant/.m2/repository/org/slf4j/jul-to-slf4j/2.0.11/jul-to-slf4j-2.0.11.jar:/Users/fozant/.m2/repository/org/yaml/snakeyaml/2.2/snakeyaml-2.2.jar:/Users/fozant/.m2/repository/org/springframework/spring-aop/6.1.3/spring-aop-6.1.3.jar:/Users/fozant/.m2/repository/org/springframework/security/spring-security-config/6.2.1/spring-security-config-6.2.1.jar:/Users/fozant/.m2/repository/org/springframework/security/spring-security-web/6.2.1/spring-security-web-6.2.1.jar:/Users/fozant/.m2/repository/org/springframework/spring-expression/6.1.3/spring-expression-6.1.3.jar:/Users/fozant/.m2/repository/org/springframework/boot/spring-boot-starter-web/3.2.2/spring-boot-starter-web-3.2.2.jar:/Users/fozant/.m2/repository/org/springframework/boot/spring-boot-starter-json/3.2.2/spring-boot-starter-json-3.2.2.jar:/Users/fozant/.m2/repository/com/fasterxml/jackson/datatype/jackson-datatype-jdk8/2.15.3/jackson-datatype-jdk8-2.15.3.jar:/Users/fozant/.m2/repository/com/fasterxml/jackson/datatype/jackson-datatype-jsr310/2.15.3/jackson-datatype-jsr310-2.15.3.jar:/Users/fozant/.m2/repository/com/fasterxml/jackson/module/jackson-module-parameter-names/2.15.3/jackson-module-parameter-names-2.15.3.jar:/Users/fozant/.m2/repository/org/springframework/boot/spring-boot-starter-tomcat/3.2.2/spring-boot-starter-tomcat-3.2.2.jar:/Users/fozant/.m2/repository/org/apache/tomcat/embed/tomcat-embed-core/10.1.18/tomcat-embed-core-10.1.18.jar:/Users/fozant/.m2/repository/org/apache/tomcat/embed/tomcat-embed-el/10.1.18/tomcat-embed-el-10.1.18.jar:/Users/fozant/.m2/repository/org/apache/tomcat/embed/tomcat-embed-websocket/10.1.18/tomcat-embed-websocket-10.1.18.jar:/Users/fozant/.m2/repository/org/springframework/spring-web/6.1.3/spring-web-6.1.3.jar:/Users/fozant/.m2/repository/io/micrometer/micrometer-observation/1.12.2/micrometer-observation-1.12.2.jar:/Users/fozant/.m2/repository/io/micrometer/micrometer-commons/1.12.2/micrometer-commons-1.12.2.jar:/Users/fozant/.m2/repository/org/springframework/spring-webmvc/6.1.3/spring-webmvc-6.1.3.jar:/Users/fozant/.m2/repository/org/springframework/boot/spring-boot-devtools/3.2.2/spring-boot-devtools-3.2.2.jar:/Users/fozant/.m2/repository/org/springframework/boot/spring-boot/3.2.2/spring-boot-3.2.2.jar:/Users/fozant/.m2/repository/org/springframework/boot/spring-boot-autoconfigure/3.2.2/spring-boot-autoconfigure-3.2.2.jar:/Users/fozant/.m2/repository/com/mysql/mysql-connector-j/8.3.0/mysql-connector-j-8.3.0.jar:/Users/fozant/.m2/repository/org/projectlombok/lombok/1.18.30/lombok-1.18.30.jar:/Users/fozant/.m2/repository/org/postgresql/postgresql/42.6.0/postgresql-42.6.0.jar:/Users/fozant/.m2/repository/org/checkerframework/checker-qual/3.31.0/checker-qual-3.31.0.jar:/Users/fozant/.m2/repository/io/jsonwebtoken/jjwt-api/0.11.5/jjwt-api-0.11.5.jar:/Users/fozant/.m2/repository/io/jsonwebtoken/jjwt-impl/0.11.5/jjwt-impl-0.11.5.jar:/Users/fozant/.m2/repository/io/jsonwebtoken/jjwt-jackson/0.11.5/jjwt-jackson-0.11.5.jar:/Users/fozant/.m2/repository/com/fasterxml/jackson/core/jackson-databind/2.15.3/jackson-databind-2.15.3.jar:/Users/fozant/.m2/repository/com/fasterxml/jackson/core/jackson-annotations/2.15.3/jackson-annotations-2.15.3.jar:/Users/fozant/.m2/repository/com/fasterxml/jackson/core/jackson-core/2.15.3/jackson-core-2.15.3.jar:/Users/fozant/.m2/repository/javax/activation/javax.activation-api/1.2.0/javax.activation-api-1.2.0.jar:/Users/fozant/.m2/repository/org/springframework/boot/spring-boot-starter-test/3.2.2/spring-boot-starter-test-3.2.2.jar:/Users/fozant/.m2/repository/org/springframework/boot/spring-boot-test/3.2.2/spring-boot-test-3.2.2.jar:/Users/fozant/.m2/repository/org/springframework/boot/spring-boot-test-autoconfigure/3.2.2/spring-boot-test-autoconfigure-3.2.2.jar:/Users/fozant/.m2/repository/com/jayway/jsonpath/json-path/2.8.0/json-path-2.8.0.jar:/Users/fozant/.m2/repository/jakarta/xml/bind/jakarta.xml.bind-api/4.0.1/jakarta.xml.bind-api-4.0.1.jar:/Users/fozant/.m2/repository/jakarta/activation/jakarta.activation-api/2.1.2/jakarta.activation-api-2.1.2.jar:/Users/fozant/.m2/repository/net/minidev/json-smart/2.5.0/json-smart-2.5.0.jar:/Users/fozant/.m2/repository/net/minidev/accessors-smart/2.5.0/accessors-smart-2.5.0.jar:/Users/fozant/.m2/repository/org/ow2/asm/asm/9.3/asm-9.3.jar:/Users/fozant/.m2/repository/org/assertj/assertj-core/3.24.2/assertj-core-3.24.2.jar:/Users/fozant/.m2/repository/org/awaitility/awaitility/4.2.0/awaitility-4.2.0.jar:/Users/fozant/.m2/repository/org/hamcrest/hamcrest/2.2/hamcrest-2.2.jar:/Users/fozant/.m2/repository/org/junit/jupiter/junit-jupiter/5.10.1/junit-jupiter-5.10.1.jar:/Users/fozant/.m2/repository/org/junit/jupiter/junit-jupiter-api/5.10.1/junit-jupiter-api-5.10.1.jar:/Users/fozant/.m2/repository/org/opentest4j/opentest4j/1.3.0/opentest4j-1.3.0.jar:/Users/fozant/.m2/repository/org/junit/platform/junit-platform-commons/1.10.1/junit-platform-commons-1.10.1.jar:/Users/fozant/.m2/repository/org/apiguardian/apiguardian-api/1.1.2/apiguardian-api-1.1.2.jar:/Users/fozant/.m2/repository/org/junit/jupiter/junit-jupiter-params/5.10.1/junit-jupiter-params-5.10.1.jar:/Users/fozant/.m2/repository/org/junit/jupiter/junit-jupiter-engine/5.10.1/junit-jupiter-engine-5.10.1.jar:/Users/fozant/.m2/repository/org/junit/platform/junit-platform-engine/1.10.1/junit-platform-engine-1.10.1.jar:/Users/fozant/.m2/repository/org/mockito/mockito-core/5.7.0/mockito-core-5.7.0.jar:/Users/fozant/.m2/repository/net/bytebuddy/byte-buddy-agent/1.14.11/byte-buddy-agent-1.14.11.jar:/Users/fozant/.m2/repository/org/objenesis/objenesis/3.3/objenesis-3.3.jar:/Users/fozant/.m2/repository/org/mockito/mockito-junit-jupiter/5.7.0/mockito-junit-jupiter-5.7.0.jar:/Users/fozant/.m2/repository/org/skyscreamer/jsonassert/1.5.1/jsonassert-1.5.1.jar:/Users/fozant/.m2/repository/com/vaadin/external/google/android-json/0.0.20131108.vaadin1/android-json-0.0.20131108.vaadin1.jar:/Users/fozant/.m2/repository/org/springframework/spring-core/6.1.3/spring-core-6.1.3.jar:/Users/fozant/.m2/repository/org/springframework/spring-jcl/6.1.3/spring-jcl-6.1.3.jar:/Users/fozant/.m2/repository/org/springframework/spring-test/6.1.3/spring-test-6.1.3.jar:/Users/fozant/.m2/repository/org/xmlunit/xmlunit-core/2.9.1/xmlunit-core-2.9.1.jar:/Users/fozant/.m2/repository/org/springframework/security/spring-security-test/6.2.1/spring-security-test-6.2.1.jar:/Users/fozant/.m2/repository/org/springframework/security/spring-security-core/6.2.1/spring-security-core-6.2.1.jar:/Users/fozant/.m2/repository/org/springframework/security/spring-security-crypto/6.2.1/spring-security-crypto-6.2.1.jar:"/>
    <property name="sun.cpu.endian" value="little"/>
    <property name="user.home" value="/Users/fozant"/>
    <property name="user.language" value="en"/>
    <property name="java.specification.vendor" value="Oracle Corporation"/>
    <property name="java.version.date" value="2024-07-16"/>
    <property name="java.home" value="/Library/Java/JavaVirtualMachines/jdk-21.jdk/Contents/Home"/>
    <property name="file.separator" value="/"/>
    <property name="basedir" value="/Users/fozant/All Coding/Skripsi/Repo/MJTrainingCamp/backend"/>
    <property name="java.vm.compressedOopsMode" value="Zero based"/>
    <property name="line.separator" value="&#10;"/>
    <property name="java.vm.specification.vendor" value="Oracle Corporation"/>
    <property name="java.specification.name" value="Java Platform API Specification"/>
    <property name="FILE_LOG_CHARSET" value="UTF-8"/>
    <property name="java.awt.headless" value="true"/>
    <property name="apple.awt.application.name" value="ForkedBooter"/>
    <property name="surefire.real.class.path" value="/Users/fozant/All Coding/Skripsi/Repo/MJTrainingCamp/backend/target/surefire/surefirebooter-20241129213048983_3.jar"/>
    <property name="sun.management.compiler" value="HotSpot 64-Bit Tiered Compilers"/>
    <property name="ftp.nonProxyHosts" value="local|*.local|169.254/16|*.169.254/16"/>
    <property name="java.runtime.version" value="21.0.4+8-LTS-274"/>
    <property name="user.name" value="fozant"/>
    <property name="stdout.encoding" value="UTF-8"/>
    <property name="path.separator" value=":"/>
    <property name="os.version" value="15.1.1"/>
    <property name="java.runtime.name" value="Java(TM) SE Runtime Environment"/>
    <property name="file.encoding" value="UTF-8"/>
    <property name="java.vm.name" value="Java HotSpot(TM) 64-Bit Server VM"/>
    <property name="localRepository" value="/Users/fozant/.m2/repository"/>
    <property name="java.vendor.url.bug" value="https://bugreport.java.com/bugreport/"/>
    <property name="java.io.tmpdir" value="/var/folders/rq/727zgr5d5kjfcyg3wn8tb2vh0000gn/T/"/>
    <property name="com.zaxxer.hikari.pool_number" value="1"/>
    <property name="java.version" value="21.0.4"/>
    <property name="user.dir" value="/Users/fozant/All Coding/Skripsi/Repo/MJTrainingCamp/backend"/>
    <property name="os.arch" value="aarch64"/>
    <property name="java.vm.specification.name" value="Java Virtual Machine Specification"/>
    <property name="PID" value="31039"/>
    <property name="CONSOLE_LOG_CHARSET" value="UTF-8"/>
    <property name="native.encoding" value="UTF-8"/>
    <property name="java.library.path" value="/Users/fozant/Library/Java/Extensions:/Library/Java/Extensions:/Network/Library/Java/Extensions:/System/Library/Java/Extensions:/usr/lib/java:."/>
    <property name="java.vm.info" value="mixed mode, sharing"/>
    <property name="stderr.encoding" value="UTF-8"/>
    <property name="java.vendor" value="Oracle Corporation"/>
    <property name="java.vm.version" value="21.0.4+8-LTS-274"/>
    <property name="sun.io.unicode.encoding" value="UnicodeBig"/>
    <property name="socksNonProxyHosts" value="local|*.local|169.254/16|*.169.254/16"/>
    <property name="java.class.version" value="65.0"/>
  </properties>
  <testcase name="contextLoads" classname="com.project.bookMembership.BookMembershipApplicationTests" time="0.313">
    <system-out><![CDATA[21:30:49.374 [main] INFO org.springframework.test.context.support.AnnotationConfigContextLoaderUtils -- Could not detect default configuration classes for test class [com.project.bookMembership.BookMembershipApplicationTests]: BookMembershipApplicationTests does not declare any static, non-private, non-final, nested classes annotated with @Configuration.
21:30:49.419 [main] INFO org.springframework.boot.test.context.SpringBootTestContextBootstrapper -- Found @SpringBootConfiguration com.project.bookMembership.BookMembershipApplication for test class com.project.bookMembership.BookMembershipApplicationTests
21:30:49.487 [main] INFO org.springframework.boot.devtools.restart.RestartApplicationListener -- Restart disabled due to context in which it is running

  .   ____          _            __ _ _
 /\\ / ___'_ __ _ _(_)_ __  __ _ \ \ \ \
( ( )\___ | '_ | '_| | '_ \/ _` | \ \ \ \
 \\/  ___)| |_)| | | | | || (_| |  ) ) ) )
  '  |____| .__|_| |_|_| |_\__, | / / / /
 =========|_|==============|___/=/_/_/_/
 :: Spring Boot ::                (v3.2.2)

2024-11-29T21:30:49.589+07:00  INFO 31039 --- [           main] c.p.b.BookMembershipApplicationTests     : Starting BookMembershipApplicationTests using Java 21.0.4 with PID 31039 (started by fozant in /Users/fozant/All Coding/Skripsi/Repo/MJTrainingCamp/backend)
2024-11-29T21:30:49.589+07:00  INFO 31039 --- [           main] c.p.b.BookMembershipApplicationTests     : No active profile set, falling back to 1 default profile: "default"
2024-11-29T21:30:49.885+07:00  INFO 31039 --- [           main] .s.d.r.c.RepositoryConfigurationDelegate : Bootstrapping Spring Data JPA repositories in DEFAULT mode.
2024-11-29T21:30:49.920+07:00  INFO 31039 --- [           main] .s.d.r.c.RepositoryConfigurationDelegate : Finished Spring Data repository scanning in 31 ms. Found 9 JPA repository interfaces.
2024-11-29T21:30:50.127+07:00  INFO 31039 --- [           main] o.hibernate.jpa.internal.util.LogHelper  : HHH000204: Processing PersistenceUnitInfo [name: default]
2024-11-29T21:30:50.154+07:00  INFO 31039 --- [           main] org.hibernate.Version                    : HHH000412: Hibernate ORM core version 6.4.1.Final
2024-11-29T21:30:50.167+07:00  INFO 31039 --- [           main] o.h.c.internal.RegionFactoryInitiator    : HHH000026: Second-level cache disabled
2024-11-29T21:30:50.201+07:00 DEBUG 31039 --- [           main] org.hibernate.type.BasicTypeRegistry     : Adding type registration boolean -> org.hibernate.type.BasicTypeReference@48cb2d73
2024-11-29T21:30:50.201+07:00 DEBUG 31039 --- [           main] org.hibernate.type.BasicTypeRegistry     : Adding type registration boolean -> org.hibernate.type.BasicTypeReference@48cb2d73
2024-11-29T21:30:50.201+07:00 DEBUG 31039 --- [           main] org.hibernate.type.BasicTypeRegistry     : Adding type registration java.lang.Boolean -> org.hibernate.type.BasicTypeReference@48cb2d73
2024-11-29T21:30:50.201+07:00 DEBUG 31039 --- [           main] org.hibernate.type.BasicTypeRegistry     : Adding type registration numeric_boolean -> org.hibernate.type.BasicTypeReference@243bf087
2024-11-29T21:30:50.201+07:00 DEBUG 31039 --- [           main] org.hibernate.type.BasicTypeRegistry     : Adding type registration org.hibernate.type.NumericBooleanConverter -> org.hibernate.type.BasicTypeReference@243bf087
2024-11-29T21:30:50.201+07:00 DEBUG 31039 --- [           main] org.hibernate.type.BasicTypeRegistry     : Adding type registration true_false -> org.hibernate.type.BasicTypeReference@3086f480
2024-11-29T21:30:50.201+07:00 DEBUG 31039 --- [           main] org.hibernate.type.BasicTypeRegistry     : Adding type registration org.hibernate.type.TrueFalseConverter -> org.hibernate.type.BasicTypeReference@3086f480
2024-11-29T21:30:50.201+07:00 DEBUG 31039 --- [           main] org.hibernate.type.BasicTypeRegistry     : Adding type registration yes_no -> org.hibernate.type.BasicTypeReference@126f8f24
2024-11-29T21:30:50.201+07:00 DEBUG 31039 --- [           main] org.hibernate.type.BasicTypeRegistry     : Adding type registration org.hibernate.type.YesNoConverter -> org.hibernate.type.BasicTypeReference@126f8f24
2024-11-29T21:30:50.201+07:00 DEBUG 31039 --- [           main] org.hibernate.type.BasicTypeRegistry     : Adding type registration byte -> org.hibernate.type.BasicTypeReference@35e98af
2024-11-29T21:30:50.201+07:00 DEBUG 31039 --- [           main] org.hibernate.type.BasicTypeRegistry     : Adding type registration byte -> org.hibernate.type.BasicTypeReference@35e98af
2024-11-29T21:30:50.202+07:00 DEBUG 31039 --- [           main] org.hibernate.type.BasicTypeRegistry     : Adding type registration java.lang.Byte -> org.hibernate.type.BasicTypeReference@35e98af
2024-11-29T21:30:50.202+07:00 DEBUG 31039 --- [           main] org.hibernate.type.BasicTypeRegistry     : Adding type registration binary -> org.hibernate.type.BasicTypeReference@781aff8b
2024-11-29T21:30:50.202+07:00 DEBUG 31039 --- [           main] org.hibernate.type.BasicTypeRegistry     : Adding type registration byte[] -> org.hibernate.type.BasicTypeReference@781aff8b
2024-11-29T21:30:50.202+07:00 DEBUG 31039 --- [           main] org.hibernate.type.BasicTypeRegistry     : Adding type registration [B -> org.hibernate.type.BasicTypeReference@781aff8b
2024-11-29T21:30:50.202+07:00 DEBUG 31039 --- [           main] org.hibernate.type.BasicTypeRegistry     : Adding type registration binary_wrapper -> org.hibernate.type.BasicTypeReference@7fbf26fc
2024-11-29T21:30:50.202+07:00 DEBUG 31039 --- [           main] org.hibernate.type.BasicTypeRegistry     : Adding type registration wrapper-binary -> org.hibernate.type.BasicTypeReference@7fbf26fc
2024-11-29T21:30:50.202+07:00 DEBUG 31039 --- [           main] org.hibernate.type.BasicTypeRegistry     : Adding type registration image -> org.hibernate.type.BasicTypeReference@11c78080
2024-11-29T21:30:50.202+07:00 DEBUG 31039 --- [           main] org.hibernate.type.BasicTypeRegistry     : Adding type registration blob -> org.hibernate.type.BasicTypeReference@662be9f7
2024-11-29T21:30:50.202+07:00 DEBUG 31039 --- [           main] org.hibernate.type.BasicTypeRegistry     : Adding type registration java.sql.Blob -> org.hibernate.type.BasicTypeReference@662be9f7
2024-11-29T21:30:50.202+07:00 DEBUG 31039 --- [           main] org.hibernate.type.BasicTypeRegistry     : Adding type registration materialized_blob -> org.hibernate.type.BasicTypeReference@4962b41e
2024-11-29T21:30:50.202+07:00 DEBUG 31039 --- [           main] org.hibernate.type.BasicTypeRegistry     : Adding type registration materialized_blob_wrapper -> org.hibernate.type.BasicTypeReference@4fecf308
2024-11-29T21:30:50.202+07:00 DEBUG 31039 --- [           main] org.hibernate.type.BasicTypeRegistry     : Adding type registration short -> org.hibernate.type.BasicTypeReference@6282b9f5
2024-11-29T21:30:50.202+07:00 DEBUG 31039 --- [           main] org.hibernate.type.BasicTypeRegistry     : Adding type registration short -> org.hibernate.type.BasicTypeReference@6282b9f5
2024-11-29T21:30:50.202+07:00 DEBUG 31039 --- [           main] org.hibernate.type.BasicTypeRegistry     : Adding type registration java.lang.Short -> org.hibernate.type.BasicTypeReference@6282b9f5
2024-11-29T21:30:50.202+07:00 DEBUG 31039 --- [           main] org.hibernate.type.BasicTypeRegistry     : Adding type registration integer -> org.hibernate.type.BasicTypeReference@5b5f9003
2024-11-29T21:30:50.202+07:00 DEBUG 31039 --- [           main] org.hibernate.type.BasicTypeRegistry     : Adding type registration int -> org.hibernate.type.BasicTypeReference@5b5f9003
2024-11-29T21:30:50.202+07:00 DEBUG 31039 --- [           main] org.hibernate.type.BasicTypeRegistry     : Adding type registration java.lang.Integer -> org.hibernate.type.BasicTypeReference@5b5f9003
2024-11-29T21:30:50.202+07:00 DEBUG 31039 --- [           main] org.hibernate.type.BasicTypeRegistry     : Adding type registration long -> org.hibernate.type.BasicTypeReference@7c11d32
2024-11-29T21:30:50.203+07:00 DEBUG 31039 --- [           main] org.hibernate.type.BasicTypeRegistry     : Adding type registration long -> org.hibernate.type.BasicTypeReference@7c11d32
2024-11-29T21:30:50.203+07:00 DEBUG 31039 --- [           main] org.hibernate.type.BasicTypeRegistry     : Adding type registration java.lang.Long -> org.hibernate.type.BasicTypeReference@7c11d32
2024-11-29T21:30:50.203+07:00 DEBUG 31039 --- [           main] org.hibernate.type.BasicTypeRegistry     : Adding type registration float -> org.hibernate.type.BasicTypeReference@2f9dda71
2024-11-29T21:30:50.203+07:00 DEBUG 31039 --- [           main] org.hibernate.type.BasicTypeRegistry     : Adding type registration float -> org.hibernate.type.BasicTypeReference@2f9dda71
2024-11-29T21:30:50.203+07:00 DEBUG 31039 --- [           main] org.hibernate.type.BasicTypeRegistry     : Adding type registration java.lang.Float -> org.hibernate.type.BasicTypeReference@2f9dda71
2024-11-29T21:30:50.203+07:00 DEBUG 31039 --- [           main] org.hibernate.type.BasicTypeRegistry     : Adding type registration double -> org.hibernate.type.BasicTypeReference@58278366
2024-11-29T21:30:50.203+07:00 DEBUG 31039 --- [           main] org.hibernate.type.BasicTypeRegistry     : Adding type registration double -> org.hibernate.type.BasicTypeReference@58278366
2024-11-29T21:30:50.203+07:00 DEBUG 31039 --- [           main] org.hibernate.type.BasicTypeRegistry     : Adding type registration java.lang.Double -> org.hibernate.type.BasicTypeReference@58278366
2024-11-29T21:30:50.203+07:00 DEBUG 31039 --- [           main] org.hibernate.type.BasicTypeRegistry     : Adding type registration big_integer -> org.hibernate.type.BasicTypeReference@7f5fcfe9
2024-11-29T21:30:50.203+07:00 DEBUG 31039 --- [           main] org.hibernate.type.BasicTypeRegistry     : Adding type registration java.math.BigInteger -> org.hibernate.type.BasicTypeReference@7f5fcfe9
2024-11-29T21:30:50.203+07:00 DEBUG 31039 --- [           main] org.hibernate.type.BasicTypeRegistry     : Adding type registration big_decimal -> org.hibernate.type.BasicTypeReference@707865bd
2024-11-29T21:30:50.203+07:00 DEBUG 31039 --- [           main] org.hibernate.type.BasicTypeRegistry     : Adding type registration java.math.BigDecimal -> org.hibernate.type.BasicTypeReference@707865bd
2024-11-29T21:30:50.203+07:00 DEBUG 31039 --- [           main] org.hibernate.type.BasicTypeRegistry     : Adding type registration character -> org.hibernate.type.BasicTypeReference@31f77791
2024-11-29T21:30:50.203+07:00 DEBUG 31039 --- [           main] org.hibernate.type.BasicTypeRegistry     : Adding type registration char -> org.hibernate.type.BasicTypeReference@31f77791
2024-11-29T21:30:50.203+07:00 DEBUG 31039 --- [           main] org.hibernate.type.BasicTypeRegistry     : Adding type registration java.lang.Character -> org.hibernate.type.BasicTypeReference@31f77791
2024-11-29T21:30:50.203+07:00 DEBUG 31039 --- [           main] org.hibernate.type.BasicTypeRegistry     : Adding type registration character_nchar -> org.hibernate.type.BasicTypeReference@552fee7a
2024-11-29T21:30:50.203+07:00 DEBUG 31039 --- [           main] org.hibernate.type.BasicTypeRegistry     : Adding type registration string -> org.hibernate.type.BasicTypeReference@548e43b1
2024-11-29T21:30:50.203+07:00 DEBUG 31039 --- [           main] org.hibernate.type.BasicTypeRegistry     : Adding type registration java.lang.String -> org.hibernate.type.BasicTypeReference@548e43b1
2024-11-29T21:30:50.203+07:00 DEBUG 31039 --- [           main] org.hibernate.type.BasicTypeRegistry     : Adding type registration nstring -> org.hibernate.type.BasicTypeReference@67688110
2024-11-29T21:30:50.204+07:00 DEBUG 31039 --- [           main] org.hibernate.type.BasicTypeRegistry     : Adding type registration characters -> org.hibernate.type.BasicTypeReference@6d293993
2024-11-29T21:30:50.204+07:00 DEBUG 31039 --- [           main] org.hibernate.type.BasicTypeRegistry     : Adding type registration char[] -> org.hibernate.type.BasicTypeReference@6d293993
2024-11-29T21:30:50.204+07:00 DEBUG 31039 --- [           main] org.hibernate.type.BasicTypeRegistry     : Adding type registration [C -> org.hibernate.type.BasicTypeReference@6d293993
2024-11-29T21:30:50.204+07:00 DEBUG 31039 --- [           main] org.hibernate.type.BasicTypeRegistry     : Adding type registration wrapper-characters -> org.hibernate.type.BasicTypeReference@475f5672
2024-11-29T21:30:50.204+07:00 DEBUG 31039 --- [           main] org.hibernate.type.BasicTypeRegistry     : Adding type registration text -> org.hibernate.type.BasicTypeReference@616a06e3
2024-11-29T21:30:50.204+07:00 DEBUG 31039 --- [           main] org.hibernate.type.BasicTypeRegistry     : Adding type registration ntext -> org.hibernate.type.BasicTypeReference@42297bdf
2024-11-29T21:30:50.204+07:00 DEBUG 31039 --- [           main] org.hibernate.type.BasicTypeRegistry     : Adding type registration clob -> org.hibernate.type.BasicTypeReference@66e827a8
2024-11-29T21:30:50.204+07:00 DEBUG 31039 --- [           main] org.hibernate.type.BasicTypeRegistry     : Adding type registration java.sql.Clob -> org.hibernate.type.BasicTypeReference@66e827a8
2024-11-29T21:30:50.204+07:00 DEBUG 31039 --- [           main] org.hibernate.type.BasicTypeRegistry     : Adding type registration nclob -> org.hibernate.type.BasicTypeReference@5bb911c1
2024-11-29T21:30:50.204+07:00 DEBUG 31039 --- [           main] org.hibernate.type.BasicTypeRegistry     : Adding type registration java.sql.NClob -> org.hibernate.type.BasicTypeReference@5bb911c1
2024-11-29T21:30:50.204+07:00 DEBUG 31039 --- [           main] org.hibernate.type.BasicTypeRegistry     : Adding type registration materialized_clob -> org.hibernate.type.BasicTypeReference@6a55594b
2024-11-29T21:30:50.204+07:00 DEBUG 31039 --- [           main] org.hibernate.type.BasicTypeRegistry     : Adding type registration materialized_clob_char_array -> org.hibernate.type.BasicTypeReference@632b305d
2024-11-29T21:30:50.204+07:00 DEBUG 31039 --- [           main] org.hibernate.type.BasicTypeRegistry     : Adding type registration materialized_clob_character_array -> org.hibernate.type.BasicTypeReference@44598ef7
2024-11-29T21:30:50.204+07:00 DEBUG 31039 --- [           main] org.hibernate.type.BasicTypeRegistry     : Adding type registration materialized_nclob -> org.hibernate.type.BasicTypeReference@57fdb8a4
2024-11-29T21:30:50.204+07:00 DEBUG 31039 --- [           main] org.hibernate.type.BasicTypeRegistry     : Adding type registration materialized_nclob_character_array -> org.hibernate.type.BasicTypeReference@17222c11
2024-11-29T21:30:50.204+07:00 DEBUG 31039 --- [           main] org.hibernate.type.BasicTypeRegistry     : Adding type registration materialized_nclob_char_array -> org.hibernate.type.BasicTypeReference@2db15f70
2024-11-29T21:30:50.204+07:00 DEBUG 31039 --- [           main] org.hibernate.type.BasicTypeRegistry     : Adding type registration Duration -> org.hibernate.type.BasicTypeReference@25974207
2024-11-29T21:30:50.204+07:00 DEBUG 31039 --- [           main] org.hibernate.type.BasicTypeRegistry     : Adding type registration java.time.Duration -> org.hibernate.type.BasicTypeReference@25974207
2024-11-29T21:30:50.204+07:00 DEBUG 31039 --- [           main] org.hibernate.type.BasicTypeRegistry     : Adding type registration LocalDateTime -> org.hibernate.type.BasicTypeReference@1f15e689
2024-11-29T21:30:50.204+07:00 DEBUG 31039 --- [           main] org.hibernate.type.BasicTypeRegistry     : Adding type registration java.time.LocalDateTime -> org.hibernate.type.BasicTypeReference@1f15e689
2024-11-29T21:30:50.204+07:00 DEBUG 31039 --- [           main] org.hibernate.type.BasicTypeRegistry     : Adding type registration LocalDate -> org.hibernate.type.BasicTypeReference@195113de
2024-11-29T21:30:50.205+07:00 DEBUG 31039 --- [           main] org.hibernate.type.BasicTypeRegistry     : Adding type registration java.time.LocalDate -> org.hibernate.type.BasicTypeReference@195113de
2024-11-29T21:30:50.205+07:00 DEBUG 31039 --- [           main] org.hibernate.type.BasicTypeRegistry     : Adding type registration LocalTime -> org.hibernate.type.BasicTypeReference@3ebc955b
2024-11-29T21:30:50.205+07:00 DEBUG 31039 --- [           main] org.hibernate.type.BasicTypeRegistry     : Adding type registration java.time.LocalTime -> org.hibernate.type.BasicTypeReference@3ebc955b
2024-11-29T21:30:50.205+07:00 DEBUG 31039 --- [           main] org.hibernate.type.BasicTypeRegistry     : Adding type registration OffsetDateTime -> org.hibernate.type.BasicTypeReference@21a46ff1
2024-11-29T21:30:50.205+07:00 DEBUG 31039 --- [           main] org.hibernate.type.BasicTypeRegistry     : Adding type registration java.time.OffsetDateTime -> org.hibernate.type.BasicTypeReference@21a46ff1
2024-11-29T21:30:50.205+07:00 DEBUG 31039 --- [           main] org.hibernate.type.BasicTypeRegistry     : Adding type registration OffsetDateTimeWithTimezone -> org.hibernate.type.BasicTypeReference@11b5f4e2
2024-11-29T21:30:50.205+07:00 DEBUG 31039 --- [           main] org.hibernate.type.BasicTypeRegistry     : Adding type registration OffsetDateTimeWithoutTimezone -> org.hibernate.type.BasicTypeReference@6bcae9
2024-11-29T21:30:50.205+07:00 DEBUG 31039 --- [           main] org.hibernate.type.BasicTypeRegistry     : Adding type registration OffsetTime -> org.hibernate.type.BasicTypeReference@5aa781f2
2024-11-29T21:30:50.205+07:00 DEBUG 31039 --- [           main] org.hibernate.type.BasicTypeRegistry     : Adding type registration java.time.OffsetTime -> org.hibernate.type.BasicTypeReference@5aa781f2
2024-11-29T21:30:50.205+07:00 DEBUG 31039 --- [           main] org.hibernate.type.BasicTypeRegistry     : Adding type registration OffsetTimeUtc -> org.hibernate.type.BasicTypeReference@58feb6b0
2024-11-29T21:30:50.205+07:00 DEBUG 31039 --- [           main] org.hibernate.type.BasicTypeRegistry     : Adding type registration OffsetTimeWithTimezone -> org.hibernate.type.BasicTypeReference@66d25ba9
2024-11-29T21:30:50.205+07:00 DEBUG 31039 --- [           main] org.hibernate.type.BasicTypeRegistry     : Adding type registration OffsetTimeWithoutTimezone -> org.hibernate.type.BasicTypeReference@3830f918
2024-11-29T21:30:50.205+07:00 DEBUG 31039 --- [           main] org.hibernate.type.BasicTypeRegistry     : Adding type registration ZonedDateTime -> org.hibernate.type.BasicTypeReference@5efe47fd
2024-11-29T21:30:50.205+07:00 DEBUG 31039 --- [           main] org.hibernate.type.BasicTypeRegistry     : Adding type registration java.time.ZonedDateTime -> org.hibernate.type.BasicTypeReference@5efe47fd
2024-11-29T21:30:50.205+07:00 DEBUG 31039 --- [           main] org.hibernate.type.BasicTypeRegistry     : Adding type registration ZonedDateTimeWithTimezone -> org.hibernate.type.BasicTypeReference@739831a4
2024-11-29T21:30:50.205+07:00 DEBUG 31039 --- [           main] org.hibernate.type.BasicTypeRegistry     : Adding type registration ZonedDateTimeWithoutTimezone -> org.hibernate.type.BasicTypeReference@7e3236d
2024-11-29T21:30:50.205+07:00 DEBUG 31039 --- [           main] org.hibernate.type.BasicTypeRegistry     : Adding type registration date -> org.hibernate.type.BasicTypeReference@38a4e2b0
2024-11-29T21:30:50.205+07:00 DEBUG 31039 --- [           main] org.hibernate.type.BasicTypeRegistry     : Adding type registration java.sql.Date -> org.hibernate.type.BasicTypeReference@38a4e2b0
2024-11-29T21:30:50.205+07:00 DEBUG 31039 --- [           main] org.hibernate.type.BasicTypeRegistry     : Adding type registration time -> org.hibernate.type.BasicTypeReference@14c99bf6
2024-11-29T21:30:50.205+07:00 DEBUG 31039 --- [           main] org.hibernate.type.BasicTypeRegistry     : Adding type registration java.sql.Time -> org.hibernate.type.BasicTypeReference@14c99bf6
2024-11-29T21:30:50.205+07:00 DEBUG 31039 --- [           main] org.hibernate.type.BasicTypeRegistry     : Adding type registration timestamp -> org.hibernate.type.BasicTypeReference@266e9dda
2024-11-29T21:30:50.205+07:00 DEBUG 31039 --- [           main] org.hibernate.type.BasicTypeRegistry     : Adding type registration java.sql.Timestamp -> org.hibernate.type.BasicTypeReference@266e9dda
2024-11-29T21:30:50.205+07:00 DEBUG 31039 --- [           main] org.hibernate.type.BasicTypeRegistry     : Adding type registration java.util.Date -> org.hibernate.type.BasicTypeReference@266e9dda
2024-11-29T21:30:50.205+07:00 DEBUG 31039 --- [           main] org.hibernate.type.BasicTypeRegistry     : Adding type registration calendar -> org.hibernate.type.BasicTypeReference@38883a31
2024-11-29T21:30:50.205+07:00 DEBUG 31039 --- [           main] org.hibernate.type.BasicTypeRegistry     : Adding type registration java.util.Calendar -> org.hibernate.type.BasicTypeReference@38883a31
2024-11-29T21:30:50.205+07:00 DEBUG 31039 --- [           main] org.hibernate.type.BasicTypeRegistry     : Adding type registration java.util.GregorianCalendar -> org.hibernate.type.BasicTypeReference@38883a31
2024-11-29T21:30:50.205+07:00 DEBUG 31039 --- [           main] org.hibernate.type.BasicTypeRegistry     : Adding type registration calendar_date -> org.hibernate.type.BasicTypeReference@27a6fef2
2024-11-29T21:30:50.206+07:00 DEBUG 31039 --- [           main] org.hibernate.type.BasicTypeRegistry     : Adding type registration calendar_time -> org.hibernate.type.BasicTypeReference@7fe8c7db
2024-11-29T21:30:50.206+07:00 DEBUG 31039 --- [           main] org.hibernate.type.BasicTypeRegistry     : Adding type registration instant -> org.hibernate.type.BasicTypeReference@2dba05b1
2024-11-29T21:30:50.206+07:00 DEBUG 31039 --- [           main] org.hibernate.type.BasicTypeRegistry     : Adding type registration java.time.Instant -> org.hibernate.type.BasicTypeReference@2dba05b1
2024-11-29T21:30:50.206+07:00 DEBUG 31039 --- [           main] org.hibernate.type.BasicTypeRegistry     : Adding type registration uuid -> org.hibernate.type.BasicTypeReference@541afb85
2024-11-29T21:30:50.206+07:00 DEBUG 31039 --- [           main] org.hibernate.type.BasicTypeRegistry     : Adding type registration java.util.UUID -> org.hibernate.type.BasicTypeReference@541afb85
2024-11-29T21:30:50.206+07:00 DEBUG 31039 --- [           main] org.hibernate.type.BasicTypeRegistry     : Adding type registration pg-uuid -> org.hibernate.type.BasicTypeReference@541afb85
2024-11-29T21:30:50.206+07:00 DEBUG 31039 --- [           main] org.hibernate.type.BasicTypeRegistry     : Adding type registration uuid-binary -> org.hibernate.type.BasicTypeReference@445bce9a
2024-11-29T21:30:50.206+07:00 DEBUG 31039 --- [           main] org.hibernate.type.BasicTypeRegistry     : Adding type registration uuid-char -> org.hibernate.type.BasicTypeReference@7db40fd5
2024-11-29T21:30:50.206+07:00 DEBUG 31039 --- [           main] org.hibernate.type.BasicTypeRegistry     : Adding type registration class -> org.hibernate.type.BasicTypeReference@5e1a5f
2024-11-29T21:30:50.206+07:00 DEBUG 31039 --- [           main] org.hibernate.type.BasicTypeRegistry     : Adding type registration java.lang.Class -> org.hibernate.type.BasicTypeReference@5e1a5f
2024-11-29T21:30:50.206+07:00 DEBUG 31039 --- [           main] org.hibernate.type.BasicTypeRegistry     : Adding type registration currency -> org.hibernate.type.BasicTypeReference@31b0f02
2024-11-29T21:30:50.206+07:00 DEBUG 31039 --- [           main] org.hibernate.type.BasicTypeRegistry     : Adding type registration Currency -> org.hibernate.type.BasicTypeReference@31b0f02
2024-11-29T21:30:50.206+07:00 DEBUG 31039 --- [           main] org.hibernate.type.BasicTypeRegistry     : Adding type registration java.util.Currency -> org.hibernate.type.BasicTypeReference@31b0f02
2024-11-29T21:30:50.206+07:00 DEBUG 31039 --- [           main] org.hibernate.type.BasicTypeRegistry     : Adding type registration locale -> org.hibernate.type.BasicTypeReference@19ae2ee5
2024-11-29T21:30:50.206+07:00 DEBUG 31039 --- [           main] org.hibernate.type.BasicTypeRegistry     : Adding type registration java.util.Locale -> org.hibernate.type.BasicTypeReference@19ae2ee5
2024-11-29T21:30:50.206+07:00 DEBUG 31039 --- [           main] org.hibernate.type.BasicTypeRegistry     : Adding type registration serializable -> org.hibernate.type.BasicTypeReference@44b940a2
2024-11-29T21:30:50.206+07:00 DEBUG 31039 --- [           main] org.hibernate.type.BasicTypeRegistry     : Adding type registration java.io.Serializable -> org.hibernate.type.BasicTypeReference@44b940a2
2024-11-29T21:30:50.206+07:00 DEBUG 31039 --- [           main] org.hibernate.type.BasicTypeRegistry     : Adding type registration timezone -> org.hibernate.type.BasicTypeReference@34c53688
2024-11-29T21:30:50.206+07:00 DEBUG 31039 --- [           main] org.hibernate.type.BasicTypeRegistry     : Adding type registration java.util.TimeZone -> org.hibernate.type.BasicTypeReference@34c53688
2024-11-29T21:30:50.206+07:00 DEBUG 31039 --- [           main] org.hibernate.type.BasicTypeRegistry     : Adding type registration ZoneOffset -> org.hibernate.type.BasicTypeReference@6ffd4c0d
2024-11-29T21:30:50.206+07:00 DEBUG 31039 --- [           main] org.hibernate.type.BasicTypeRegistry     : Adding type registration java.time.ZoneOffset -> org.hibernate.type.BasicTypeReference@6ffd4c0d
2024-11-29T21:30:50.206+07:00 DEBUG 31039 --- [           main] org.hibernate.type.BasicTypeRegistry     : Adding type registration url -> org.hibernate.type.BasicTypeReference@74c9e11
2024-11-29T21:30:50.206+07:00 DEBUG 31039 --- [           main] org.hibernate.type.BasicTypeRegistry     : Adding type registration java.net.URL -> org.hibernate.type.BasicTypeReference@74c9e11
2024-11-29T21:30:50.206+07:00 DEBUG 31039 --- [           main] org.hibernate.type.BasicTypeRegistry     : Adding type registration vector -> org.hibernate.type.BasicTypeReference@9fe720a
2024-11-29T21:30:50.206+07:00 DEBUG 31039 --- [           main] org.hibernate.type.BasicTypeRegistry     : Adding type registration row_version -> org.hibernate.type.BasicTypeReference@149274cb
2024-11-29T21:30:50.208+07:00 DEBUG 31039 --- [           main] org.hibernate.type.BasicTypeRegistry     : Adding type registration object -> org.hibernate.type.JavaObjectType@7f2c57fe
2024-11-29T21:30:50.208+07:00 DEBUG 31039 --- [           main] org.hibernate.type.BasicTypeRegistry     : Adding type registration java.lang.Object -> org.hibernate.type.JavaObjectType@7f2c57fe
2024-11-29T21:30:50.208+07:00 DEBUG 31039 --- [           main] org.hibernate.type.BasicTypeRegistry     : Adding type registration null -> org.hibernate.type.NullType@559af296
2024-11-29T21:30:50.208+07:00 DEBUG 31039 --- [           main] org.hibernate.type.BasicTypeRegistry     : Adding type registration imm_date -> org.hibernate.type.BasicTypeReference@5edc3e29
2024-11-29T21:30:50.208+07:00 DEBUG 31039 --- [           main] org.hibernate.type.BasicTypeRegistry     : Adding type registration imm_time -> org.hibernate.type.BasicTypeReference@a90e2c1
2024-11-29T21:30:50.209+07:00 DEBUG 31039 --- [           main] org.hibernate.type.BasicTypeRegistry     : Adding type registration imm_timestamp -> org.hibernate.type.BasicTypeReference@89caf47
2024-11-29T21:30:50.209+07:00 DEBUG 31039 --- [           main] org.hibernate.type.BasicTypeRegistry     : Adding type registration imm_calendar -> org.hibernate.type.BasicTypeReference@370ef50b
2024-11-29T21:30:50.209+07:00 DEBUG 31039 --- [           main] org.hibernate.type.BasicTypeRegistry     : Adding type registration imm_calendar_date -> org.hibernate.type.BasicTypeReference@2b877a54
2024-11-29T21:30:50.209+07:00 DEBUG 31039 --- [           main] org.hibernate.type.BasicTypeRegistry     : Adding type registration imm_calendar_time -> org.hibernate.type.BasicTypeReference@268c030f
2024-11-29T21:30:50.209+07:00 DEBUG 31039 --- [           main] org.hibernate.type.BasicTypeRegistry     : Adding type registration imm_binary -> org.hibernate.type.BasicTypeReference@4b87760e
2024-11-29T21:30:50.209+07:00 DEBUG 31039 --- [           main] org.hibernate.type.BasicTypeRegistry     : Adding type registration imm_serializable -> org.hibernate.type.BasicTypeReference@be164d8
2024-11-29T21:30:50.270+07:00  INFO 31039 --- [           main] o.s.o.j.p.SpringPersistenceUnitInfo      : No LoadTimeWeaver setup: ignoring JPA class transformer
2024-11-29T21:30:50.286+07:00  INFO 31039 --- [           main] com.zaxxer.hikari.HikariDataSource       : HikariPool-1 - Starting...
2024-11-29T21:30:51.144+07:00  INFO 31039 --- [           main] com.zaxxer.hikari.pool.HikariPool        : HikariPool-1 - Added connection org.postgresql.jdbc.PgConnection@2bc16fe2
2024-11-29T21:30:51.145+07:00  INFO 31039 --- [           main] com.zaxxer.hikari.HikariDataSource       : HikariPool-1 - Start completed.
2024-11-29T21:30:51.321+07:00 DEBUG 31039 --- [           main] o.h.t.d.sql.spi.DdlTypeRegistry          : addDescriptor(2003, org.hibernate.type.descriptor.sql.internal.ArrayDdlTypeImpl@5fdb7394) replaced previous registration(org.hibernate.type.descriptor.sql.internal.ArrayDdlTypeImpl@2d9de284)
2024-11-29T21:30:51.321+07:00 DEBUG 31039 --- [           main] o.h.t.d.sql.spi.DdlTypeRegistry          : addDescriptor(6, org.hibernate.type.descriptor.sql.internal.CapacityDependentDdlType@4b5798c2) replaced previous registration(org.hibernate.type.descriptor.sql.internal.DdlTypeImpl@7540160e)
2024-11-29T21:30:51.322+07:00 DEBUG 31039 --- [           main] o.h.t.d.jdbc.spi.JdbcTypeRegistry        : addDescriptor(2004, BlobTypeDescriptor(BLOB_BINDING)) replaced previous registration(BlobTypeDescriptor(DEFAULT))
2024-11-29T21:30:51.322+07:00 DEBUG 31039 --- [           main] o.h.t.d.jdbc.spi.JdbcTypeRegistry        : addDescriptor(2005, ClobTypeDescriptor(CLOB_BINDING)) replaced previous registration(ClobTypeDescriptor(DEFAULT))
2024-11-29T21:30:51.325+07:00 DEBUG 31039 --- [           main] org.hibernate.type.BasicTypeRegistry     : Adding type registration JAVA_OBJECT -> org.hibernate.type.JavaObjectType@7bc2bb58
2024-11-29T21:30:51.325+07:00 DEBUG 31039 --- [           main] org.hibernate.type.BasicTypeRegistry     : Adding type registration java.lang.Object -> org.hibernate.type.JavaObjectType@7bc2bb58
2024-11-29T21:30:51.325+07:00 DEBUG 31039 --- [           main] org.hibernate.type.BasicTypeRegistry     : Type registration key [java.lang.Object] overrode previous entry : `org.hibernate.type.JavaObjectType@7f2c57fe`
2024-11-29T21:30:51.326+07:00 DEBUG 31039 --- [           main] org.hibernate.type.BasicTypeRegistry     : Adding type registration org.hibernate.type.DurationType -> basicType@1(java.time.Duration,2)
2024-11-29T21:30:51.326+07:00 DEBUG 31039 --- [           main] org.hibernate.type.BasicTypeRegistry     : Adding type registration Duration -> basicType@1(java.time.Duration,2)
2024-11-29T21:30:51.326+07:00 DEBUG 31039 --- [           main] org.hibernate.type.BasicTypeRegistry     : Adding type registration java.time.Duration -> basicType@1(java.time.Duration,2)
2024-11-29T21:30:51.327+07:00 DEBUG 31039 --- [           main] org.hibernate.type.BasicTypeRegistry     : Adding type registration org.hibernate.type.OffsetDateTimeType -> basicType@2(java.time.OffsetDateTime,3003)
2024-11-29T21:30:51.328+07:00 DEBUG 31039 --- [           main] org.hibernate.type.BasicTypeRegistry     : Adding type registration OffsetDateTime -> basicType@2(java.time.OffsetDateTime,3003)
2024-11-29T21:30:51.328+07:00 DEBUG 31039 --- [           main] org.hibernate.type.BasicTypeRegistry     : Adding type registration java.time.OffsetDateTime -> basicType@2(java.time.OffsetDateTime,3003)
2024-11-29T21:30:51.328+07:00 DEBUG 31039 --- [           main] org.hibernate.type.BasicTypeRegistry     : Adding type registration org.hibernate.type.ZonedDateTimeType -> basicType@3(java.time.ZonedDateTime,3003)
2024-11-29T21:30:51.328+07:00 DEBUG 31039 --- [           main] org.hibernate.type.BasicTypeRegistry     : Adding type registration ZonedDateTime -> basicType@3(java.time.ZonedDateTime,3003)
2024-11-29T21:30:51.328+07:00 DEBUG 31039 --- [           main] org.hibernate.type.BasicTypeRegistry     : Adding type registration java.time.ZonedDateTime -> basicType@3(java.time.ZonedDateTime,3003)
2024-11-29T21:30:51.328+07:00 DEBUG 31039 --- [           main] org.hibernate.type.BasicTypeRegistry     : Adding type registration org.hibernate.type.OffsetTimeType -> basicType@4(java.time.OffsetTime,3007)
2024-11-29T21:30:51.328+07:00 DEBUG 31039 --- [           main] org.hibernate.type.BasicTypeRegistry     : Adding type registration OffsetTime -> basicType@4(java.time.OffsetTime,3007)
2024-11-29T21:30:51.328+07:00 DEBUG 31039 --- [           main] org.hibernate.type.BasicTypeRegistry     : Adding type registration java.time.OffsetTime -> basicType@4(java.time.OffsetTime,3007)
2024-11-29T21:30:51.328+07:00 DEBUG 31039 --- [           main] o.h.type.spi.TypeConfiguration$Scope     : Scoping TypeConfiguration [org.hibernate.type.spi.TypeConfiguration@2f471037] to MetadataBuildingContext [org.hibernate.boot.internal.MetadataBuildingContextRootImpl@1d1cfe4]
2024-11-29T21:30:51.780+07:00  INFO 31039 --- [           main] o.h.e.t.j.p.i.JtaPlatformInitiator       : HHH000489: No JTA platform available (set 'hibernate.transaction.jta.platform' to enable JTA platform integration)
2024-11-29T21:30:51.780+07:00 DEBUG 31039 --- [           main] o.h.type.spi.TypeConfiguration$Scope     : Scoping TypeConfiguration [org.hibernate.type.spi.TypeConfiguration@2f471037] to SessionFactoryImplementor [org.hibernate.internal.SessionFactoryImpl@c7443f]
2024-11-29T21:30:53.351+07:00 TRACE 31039 --- [           main] o.h.type.spi.TypeConfiguration$Scope     : Handling #sessionFactoryCreated from [org.hibernate.internal.SessionFactoryImpl@c7443f] for TypeConfiguration
2024-11-29T21:30:53.351+07:00  INFO 31039 --- [           main] j.LocalContainerEntityManagerFactoryBean : Initialized JPA EntityManagerFactory for persistence unit 'default'
2024-11-29T21:30:53.502+07:00  INFO 31039 --- [           main] o.s.d.j.r.query.QueryEnhancerFactory     : Hibernate is in classpath; If applicable, HQL parser will be used.
2024-11-29T21:30:53.918+07:00  WARN 31039 --- [           main] JpaBaseConfiguration$JpaWebConfiguration : spring.jpa.open-in-view is enabled by default. Therefore, database queries may be performed during view rendering. Explicitly configure spring.jpa.open-in-view to disable this warning
2024-11-29T21:30:54.046+07:00  INFO 31039 --- [           main] o.s.s.web.DefaultSecurityFilterChain     : Will secure any request with [org.springframework.security.web.session.DisableEncodeUrlFilter@7e56e272, org.springframework.security.web.context.request.async.WebAsyncManagerIntegrationFilter@65b63277, org.springframework.security.web.context.SecurityContextHolderFilter@67127bb1, org.springframework.security.web.header.HeaderWriterFilter@15200332, org.springframework.web.filter.CorsFilter@6e323a5d, org.springframework.security.web.authentication.logout.LogoutFilter@22ccd80f, com.project.bookMembership.config.JwtAuthFilter@211cf27b, org.springframework.security.web.savedrequest.RequestCacheAwareFilter@54e1e8a7, org.springframework.security.web.servletapi.SecurityContextHolderAwareRequestFilter@53d257e7, org.springframework.security.web.authentication.AnonymousAuthenticationFilter@3e64cf62, org.springframework.security.web.session.SessionManagementFilter@2f29400e, org.springframework.security.web.access.ExceptionTranslationFilter@5b3063b7, org.springframework.security.web.access.intercept.FilterSecurityInterceptor@1d4ae17e]
2024-11-29T21:30:54.166+07:00  INFO 31039 --- [           main] c.p.b.BookMembershipApplicationTests     : Started BookMembershipApplicationTests in 4.684 seconds (process running for 5.114)
]]></system-out>
    <system-err><![CDATA[WARNING: A Java agent has been loaded dynamically (/Users/fozant/.m2/repository/net/bytebuddy/byte-buddy-agent/1.14.11/byte-buddy-agent-1.14.11.jar)
WARNING: If a serviceability tool is in use, please run with -XX:+EnableDynamicAgentLoading to hide this warning
WARNING: If a serviceability tool is not in use, please run with -Djdk.instrument.traceUsage for more information
WARNING: Dynamic loading of agents will be disallowed by default in a future release
]]></system-err>
  </testcase>
</testsuite>